Client id 1 created.
Verifying data files for client 1
Verifying: ./Data/Data-Sets/Data-Sets/Large-Data-Sets/DataSet-3--4-procs/f160.txt
Processing file: ./Data/Data-Sets/Data-Sets/Large-Data-Sets/DataSet-3--4-procs/f160.txt for client process 1
Verifying: ./Data/Data-Sets/Data-Sets/Large-Data-Sets/DataSet-3--4-procs/f161.txt
Processing file: ./Data/Data-Sets/Data-Sets/Large-Data-Sets/DataSet-3--4-procs/f161.txt for client process 1
Verifying: ./Data/Data-Sets/Data-Sets/Large-Data-Sets/DataSet-3--4-procs/f162.txt
Processing file: ./Data/Data-Sets/Data-Sets/Large-Data-Sets/DataSet-3--4-procs/f162.txt for client process 0
Verifying: ./Data/Data-Sets/Data-Sets/Large-Data-Sets/DataSet-3--4-procs/f163.txt
Processing file: ./Data/Data-Sets/Data-Sets/Large-Data-Sets/DataSet-3--4-procs/f163.txt for client process 0
Verifying: ./Data/Data-Sets/Data-Sets/Large-Data-Sets/DataSet-3--4-procs/f164.txt
Processing file: ./Data/Data-Sets/Data-Sets/Large-Data-Sets/DataSet-3--4-procs/f164.txt for client process 1
Verifying: ./Data/Data-Sets/Data-Sets/Large-Data-Sets/DataSet-3--4-procs/f165.txt
Processing file: ./Data/Data-Sets/Data-Sets/Large-Data-Sets/DataSet-3--4-procs/f165.txt for client process 2
Verifying: ./Data/Data-Sets/Data-Sets/Large-Data-Sets/DataSet-3--4-procs/f166.txt
Processing file: ./Data/Data-Sets/Data-Sets/Large-Data-Sets/DataSet-3--4-procs/f166.txt for client process 2
Verifying: ./Data/Data-Sets/Data-Sets/Large-Data-Sets/DataSet-3--4-procs/f167.txt
Processing file: ./Data/Data-Sets/Data-Sets/Large-Data-Sets/DataSet-3--4-procs/f167.txt for client process 2
Verifying: ./Data/Data-Sets/Data-Sets/Large-Data-Sets/DataSet-3--4-procs/f168.txt
Processing file: ./Data/Data-Sets/Data-Sets/Large-Data-Sets/DataSet-3--4-procs/f168.txt for client process 2
Verifying: ./Data/Data-Sets/Data-Sets/Large-Data-Sets/DataSet-3--4-procs/f169.txt
Processing file: ./Data/Data-Sets/Data-Sets/Large-Data-Sets/DataSet-3--4-procs/f169.txt for client process 1
Verifying: ./Data/Data-Sets/Data-Sets/Large-Data-Sets/DataSet-3--4-procs/f17.txt
Processing file: ./Data/Data-Sets/Data-Sets/Large-Data-Sets/DataSet-3--4-procs/f17.txt for client process 1
Verifying: ./Data/Data-Sets/Data-Sets/Large-Data-Sets/DataSet-3--4-procs/f170.txt
Processing file: ./Data/Data-Sets/Data-Sets/Large-Data-Sets/DataSet-3--4-procs/f170.txt for client process 3
Verifying: ./Data/Data-Sets/Data-Sets/Large-Data-Sets/DataSet-3--4-procs/f171.txt
Processing file: ./Data/Data-Sets/Data-Sets/Large-Data-Sets/DataSet-3--4-procs/f171.txt for client process 3
Verifying: ./Data/Data-Sets/Data-Sets/Large-Data-Sets/DataSet-3--4-procs/f172.txt
Processing file: ./Data/Data-Sets/Data-Sets/Large-Data-Sets/DataSet-3--4-procs/f172.txt for client process 0
Verifying: ./Data/Data-Sets/Data-Sets/Large-Data-Sets/DataSet-3--4-procs/f173.txt
Processing file: ./Data/Data-Sets/Data-Sets/Large-Data-Sets/DataSet-3--4-procs/f173.txt for client process 0
Verifying: ./Data/Data-Sets/Data-Sets/Large-Data-Sets/DataSet-3--4-procs/f174.txt
Processing file: ./Data/Data-Sets/Data-Sets/Large-Data-Sets/DataSet-3--4-procs/f174.txt for client process 0
Verifying: ./Data/Data-Sets/Data-Sets/Large-Data-Sets/DataSet-3--4-procs/f175.txt
Processing file: ./Data/Data-Sets/Data-Sets/Large-Data-Sets/DataSet-3--4-procs/f175.txt for client process 2
Verifying: ./Data/Data-Sets/Data-Sets/Large-Data-Sets/DataSet-3--4-procs/f176.txt
Processing file: ./Data/Data-Sets/Data-Sets/Large-Data-Sets/DataSet-3--4-procs/f176.txt for client process 0
Verifying: ./Data/Data-Sets/Data-Sets/Large-Data-Sets/DataSet-3--4-procs/f177.txt
Processing file: ./Data/Data-Sets/Data-Sets/Large-Data-Sets/DataSet-3--4-procs/f177.txt for client process 0
Verifying: ./Data/Data-Sets/Data-Sets/Large-Data-Sets/DataSet-3--4-procs/f178.txt
Processing file: ./Data/Data-Sets/Data-Sets/Large-Data-Sets/DataSet-3--4-procs/f178.txt for client process 0
Verifying: ./Data/Data-Sets/Data-Sets/Large-Data-Sets/DataSet-3--4-procs/f179.txt
Processing file: ./Data/Data-Sets/Data-Sets/Large-Data-Sets/DataSet-3--4-procs/f179.txt for client process 0
Verifying: ./Data/Data-Sets/Data-Sets/Large-Data-Sets/DataSet-3--4-procs/f18.txt
Processing file: ./Data/Data-Sets/Data-Sets/Large-Data-Sets/DataSet-3--4-procs/f18.txt for client process 0
Verifying: ./Data/Data-Sets/Data-Sets/Large-Data-Sets/DataSet-3--4-procs/f180.txt
Processing file: ./Data/Data-Sets/Data-Sets/Large-Data-Sets/DataSet-3--4-procs/f180.txt for client process 3
Verifying: ./Data/Data-Sets/Data-Sets/Large-Data-Sets/DataSet-3--4-procs/f181.txt
Processing file: ./Data/Data-Sets/Data-Sets/Large-Data-Sets/DataSet-3--4-procs/f181.txt for client process 0
Verifying: ./Data/Data-Sets/Data-Sets/Large-Data-Sets/DataSet-3--4-procs/f182.txt
Processing file: ./Data/Data-Sets/Data-Sets/Large-Data-Sets/DataSet-3--4-procs/f182.txt for client process 0
Verifying: ./Data/Data-Sets/Data-Sets/Large-Data-Sets/DataSet-3--4-procs/f183.txt
Processing file: ./Data/Data-Sets/Data-Sets/Large-Data-Sets/DataSet-3--4-procs/f183.txt for client process 3
Verifying: ./Data/Data-Sets/Data-Sets/Large-Data-Sets/DataSet-3--4-procs/f184.txt
Processing file: ./Data/Data-Sets/Data-Sets/Large-Data-Sets/DataSet-3--4-procs/f184.txt for client process 0
Verifying: ./Data/Data-Sets/Data-Sets/Large-Data-Sets/DataSet-3--4-procs/f185.txt
Processing file: ./Data/Data-Sets/Data-Sets/Large-Data-Sets/DataSet-3--4-procs/f185.txt for client process 0
Verifying: ./Data/Data-Sets/Data-Sets/Large-Data-Sets/DataSet-3--4-procs/f186.txt
Processing file: ./Data/Data-Sets/Data-Sets/Large-Data-Sets/DataSet-3--4-procs/f186.txt for client process 1
Verifying: ./Data/Data-Sets/Data-Sets/Large-Data-Sets/DataSet-3--4-procs/f187.txt
Processing file: ./Data/Data-Sets/Data-Sets/Large-Data-Sets/DataSet-3--4-procs/f187.txt for client process 3
Verifying: ./Data/Data-Sets/Data-Sets/Large-Data-Sets/DataSet-3--4-procs/f188.txt
Processing file: ./Data/Data-Sets/Data-Sets/Large-Data-Sets/DataSet-3--4-procs/f188.txt for client process 2
Verifying: ./Data/Data-Sets/Data-Sets/Large-Data-Sets/DataSet-3--4-procs/f189.txt
Processing file: ./Data/Data-Sets/Data-Sets/Large-Data-Sets/DataSet-3--4-procs/f189.txt for client process 3
Verifying: ./Data/Data-Sets/Data-Sets/Large-Data-Sets/DataSet-3--4-procs/f19.txt
Processing file: ./Data/Data-Sets/Data-Sets/Large-Data-Sets/DataSet-3--4-procs/f19.txt for client process 1
Verifying: ./Data/Data-Sets/Data-Sets/Large-Data-Sets/DataSet-3--4-procs/f190.txt
Processing file: ./Data/Data-Sets/Data-Sets/Large-Data-Sets/DataSet-3--4-procs/f190.txt for client process 0
Verifying: ./Data/Data-Sets/Data-Sets/Large-Data-Sets/DataSet-3--4-procs/f191.txt
Processing file: ./Data/Data-Sets/Data-Sets/Large-Data-Sets/DataSet-3--4-procs/f191.txt for client process 2
Verifying: ./Data/Data-Sets/Data-Sets/Large-Data-Sets/DataSet-3--4-procs/f192.txt
Processing file: ./Data/Data-Sets/Data-Sets/Large-Data-Sets/DataSet-3--4-procs/f192.txt for client process 1
Verifying: ./Data/Data-Sets/Data-Sets/Large-Data-Sets/DataSet-3--4-procs/f193.txt
Processing file: ./Data/Data-Sets/Data-Sets/Large-Data-Sets/DataSet-3--4-procs/f193.txt for client process 0
Verifying: ./Data/Data-Sets/Data-Sets/Large-Data-Sets/DataSet-3--4-procs/f194.txt
Processing file: ./Data/Data-Sets/Data-Sets/Large-Data-Sets/DataSet-3--4-procs/f194.txt for client process 3
Verifying: ./Data/Data-Sets/Data-Sets/Large-Data-Sets/DataSet-3--4-procs/f195.txt
Processing file: ./Data/Data-Sets/Data-Sets/Large-Data-Sets/DataSet-3--4-procs/f195.txt for client process 2
Verifying: ./Data/Data-Sets/Data-Sets/Large-Data-Sets/DataSet-3--4-procs/f196.txt
Processing file: ./Data/Data-Sets/Data-Sets/Large-Data-Sets/DataSet-3--4-procs/f196.txt for client process 1
Verifying: ./Data/Data-Sets/Data-Sets/Large-Data-Sets/DataSet-3--4-procs/f197.txt
Processing file: ./Data/Data-Sets/Data-Sets/Large-Data-Sets/DataSet-3--4-procs/f197.txt for client process 2
Verifying: ./Data/Data-Sets/Data-Sets/Large-Data-Sets/DataSet-3--4-procs/f198.txt
Processing file: ./Data/Data-Sets/Data-Sets/Large-Data-Sets/DataSet-3--4-procs/f198.txt for client process 2
Verifying: ./Data/Data-Sets/Data-Sets/Large-Data-Sets/DataSet-3--4-procs/f199.txt
Processing file: ./Data/Data-Sets/Data-Sets/Large-Data-Sets/DataSet-3--4-procs/f199.txt for client process 0
Verifying: ./Data/Data-Sets/Data-Sets/Large-Data-Sets/DataSet-3--4-procs/f2.txt
Processing file: ./Data/Data-Sets/Data-Sets/Large-Data-Sets/DataSet-3--4-procs/f2.txt for client process 1
Verifying: ./Data/Data-Sets/Data-Sets/Large-Data-Sets/DataSet-3--4-procs/f20.txt
Processing file: ./Data/Data-Sets/Data-Sets/Large-Data-Sets/DataSet-3--4-procs/f20.txt for client process 3
Verifying: ./Data/Data-Sets/Data-Sets/Large-Data-Sets/DataSet-3--4-procs/f200.txt
Processing file: ./Data/Data-Sets/Data-Sets/Large-Data-Sets/DataSet-3--4-procs/f200.txt for client process 3
Verifying: ./Data/Data-Sets/Data-Sets/Large-Data-Sets/DataSet-3--4-procs/f201.txt
Processing file: ./Data/Data-Sets/Data-Sets/Large-Data-Sets/DataSet-3--4-procs/f201.txt for client process 1
Verifying: ./Data/Data-Sets/Data-Sets/Large-Data-Sets/DataSet-3--4-procs/f202.txt
Processing file: ./Data/Data-Sets/Data-Sets/Large-Data-Sets/DataSet-3--4-procs/f202.txt for client process 2
Verifying: ./Data/Data-Sets/Data-Sets/Large-Data-Sets/DataSet-3--4-procs/f203.txt
Processing file: ./Data/Data-Sets/Data-Sets/Large-Data-Sets/DataSet-3--4-procs/f203.txt for client process 3
Verifying: ./Data/Data-Sets/Data-Sets/Large-Data-Sets/DataSet-3--4-procs/f204.txt
Processing file: ./Data/Data-Sets/Data-Sets/Large-Data-Sets/DataSet-3--4-procs/f204.txt for client process 0
Verifying: ./Data/Data-Sets/Data-Sets/Large-Data-Sets/DataSet-3--4-procs/f205.txt
Processing file: ./Data/Data-Sets/Data-Sets/Large-Data-Sets/DataSet-3--4-procs/f205.txt for client process 2
Verifying: ./Data/Data-Sets/Data-Sets/Large-Data-Sets/DataSet-3--4-procs/f206.txt
Processing file: ./Data/Data-Sets/Data-Sets/Large-Data-Sets/DataSet-3--4-procs/f206.txt for client process 2
Verifying: ./Data/Data-Sets/Data-Sets/Large-Data-Sets/DataSet-3--4-procs/f207.txt
Processing file: ./Data/Data-Sets/Data-Sets/Large-Data-Sets/DataSet-3--4-procs/f207.txt for client process 3
Verifying: ./Data/Data-Sets/Data-Sets/Large-Data-Sets/DataSet-3--4-procs/f208.txt
Processing file: ./Data/Data-Sets/Data-Sets/Large-Data-Sets/DataSet-3--4-procs/f208.txt for client process 3
Verifying: ./Data/Data-Sets/Data-Sets/Large-Data-Sets/DataSet-3--4-procs/f209.txt
Processing file: ./Data/Data-Sets/Data-Sets/Large-Data-Sets/DataSet-3--4-procs/f209.txt for client process 0
Verifying: ./Data/Data-Sets/Data-Sets/Large-Data-Sets/DataSet-3--4-procs/f21.txt
Processing file: ./Data/Data-Sets/Data-Sets/Large-Data-Sets/DataSet-3--4-procs/f21.txt for client process 1
Verifying: ./Data/Data-Sets/Data-Sets/Large-Data-Sets/DataSet-3--4-procs/f210.txt
Processing file: ./Data/Data-Sets/Data-Sets/Large-Data-Sets/DataSet-3--4-procs/f210.txt for client process 0
Verifying: ./Data/Data-Sets/Data-Sets/Large-Data-Sets/DataSet-3--4-procs/f211.txt
Processing file: ./Data/Data-Sets/Data-Sets/Large-Data-Sets/DataSet-3--4-procs/f211.txt for client process 1
Verifying: ./Data/Data-Sets/Data-Sets/Large-Data-Sets/DataSet-3--4-procs/f212.txt
Processing file: ./Data/Data-Sets/Data-Sets/Large-Data-Sets/DataSet-3--4-procs/f212.txt for client process 3
Verifying: ./Data/Data-Sets/Data-Sets/Large-Data-Sets/DataSet-3--4-procs/f213.txt
Processing file: ./Data/Data-Sets/Data-Sets/Large-Data-Sets/DataSet-3--4-procs/f213.txt for client process 1
Verifying: ./Data/Data-Sets/Data-Sets/Large-Data-Sets/DataSet-3--4-procs/f214.txt
Processing file: ./Data/Data-Sets/Data-Sets/Large-Data-Sets/DataSet-3--4-procs/f214.txt for client process 2
Verifying: ./Data/Data-Sets/Data-Sets/Large-Data-Sets/DataSet-3--4-procs/f215.txt
Processing file: ./Data/Data-Sets/Data-Sets/Large-Data-Sets/DataSet-3--4-procs/f215.txt for client process 0
Verifying: ./Data/Data-Sets/Data-Sets/Large-Data-Sets/DataSet-3--4-procs/f216.txt
Processing file: ./Data/Data-Sets/Data-Sets/Large-Data-Sets/DataSet-3--4-procs/f216.txt for client process 2
Verifying: ./Data/Data-Sets/Data-Sets/Large-Data-Sets/DataSet-3--4-procs/f217.txt
Processing file: ./Data/Data-Sets/Data-Sets/Large-Data-Sets/DataSet-3--4-procs/f217.txt for client process 2
Verifying: ./Data/Data-Sets/Data-Sets/Large-Data-Sets/DataSet-3--4-procs/f218.txt
Processing file: ./Data/Data-Sets/Data-Sets/Large-Data-Sets/DataSet-3--4-procs/f218.txt for client process 1
Verifying: ./Data/Data-Sets/Data-Sets/Large-Data-Sets/DataSet-3--4-procs/f219.txt
Processing file: ./Data/Data-Sets/Data-Sets/Large-Data-Sets/DataSet-3--4-procs/f219.txt for client process 0
Verifying: ./Data/Data-Sets/Data-Sets/Large-Data-Sets/DataSet-3--4-procs/f22.txt
Processing file: ./Data/Data-Sets/Data-Sets/Large-Data-Sets/DataSet-3--4-procs/f22.txt for client process 3
Verifying: ./Data/Data-Sets/Data-Sets/Large-Data-Sets/DataSet-3--4-procs/f220.txt
Processing file: ./Data/Data-Sets/Data-Sets/Large-Data-Sets/DataSet-3--4-procs/f220.txt for client process 2
Verifying: ./Data/Data-Sets/Data-Sets/Large-Data-Sets/DataSet-3--4-procs/f221.txt
Processing file: ./Data/Data-Sets/Data-Sets/Large-Data-Sets/DataSet-3--4-procs/f221.txt for client process 3
Verifying: ./Data/Data-Sets/Data-Sets/Large-Data-Sets/DataSet-3--4-procs/f222.txt
Processing file: ./Data/Data-Sets/Data-Sets/Large-Data-Sets/DataSet-3--4-procs/f222.txt for client process 3
Verifying: ./Data/Data-Sets/Data-Sets/Large-Data-Sets/DataSet-3--4-procs/f223.txt
Processing file: ./Data/Data-Sets/Data-Sets/Large-Data-Sets/DataSet-3--4-procs/f223.txt for client process 0
Verifying: ./Data/Data-Sets/Data-Sets/Large-Data-Sets/DataSet-3--4-procs/f224.txt
Processing file: ./Data/Data-Sets/Data-Sets/Large-Data-Sets/DataSet-3--4-procs/f224.txt for client process 2
Verifying: ./Data/Data-Sets/Data-Sets/Large-Data-Sets/DataSet-3--4-procs/f225.txt
Processing file: ./Data/Data-Sets/Data-Sets/Large-Data-Sets/DataSet-3--4-procs/f225.txt for client process 3
Verifying: ./Data/Data-Sets/Data-Sets/Large-Data-Sets/DataSet-3--4-procs/f226.txt
Processing file: ./Data/Data-Sets/Data-Sets/Large-Data-Sets/DataSet-3--4-procs/f226.txt for client process 3
Verifying: ./Data/Data-Sets/Data-Sets/Large-Data-Sets/DataSet-3--4-procs/f227.txt
Processing file: ./Data/Data-Sets/Data-Sets/Large-Data-Sets/DataSet-3--4-procs/f227.txt for client process 2
Verifying: ./Data/Data-Sets/Data-Sets/Large-Data-Sets/DataSet-3--4-procs/f228.txt
Processing file: ./Data/Data-Sets/Data-Sets/Large-Data-Sets/DataSet-3--4-procs/f228.txt for client process 3
Verifying: ./Data/Data-Sets/Data-Sets/Large-Data-Sets/DataSet-3--4-procs/f229.txt
Processing file: ./Data/Data-Sets/Data-Sets/Large-Data-Sets/DataSet-3--4-procs/f229.txt for client process 1
Verifying: ./Data/Data-Sets/Data-Sets/Large-Data-Sets/DataSet-3--4-procs/f23.txt
Processing file: ./Data/Data-Sets/Data-Sets/Large-Data-Sets/DataSet-3--4-procs/f23.txt for client process 1
Verifying: ./Data/Data-Sets/Data-Sets/Large-Data-Sets/DataSet-3--4-procs/f230.txt
Processing file: ./Data/Data-Sets/Data-Sets/Large-Data-Sets/DataSet-3--4-procs/f230.txt for client process 2
Verifying: ./Data/Data-Sets/Data-Sets/Large-Data-Sets/DataSet-3--4-procs/f231.txt
Processing file: ./Data/Data-Sets/Data-Sets/Large-Data-Sets/DataSet-3--4-procs/f231.txt for client process 1
Verifying: ./Data/Data-Sets/Data-Sets/Large-Data-Sets/DataSet-3--4-procs/f232.txt
Processing file: ./Data/Data-Sets/Data-Sets/Large-Data-Sets/DataSet-3--4-procs/f232.txt for client process 3
Verifying: ./Data/Data-Sets/Data-Sets/Large-Data-Sets/DataSet-3--4-procs/f233.txt
Processing file: ./Data/Data-Sets/Data-Sets/Large-Data-Sets/DataSet-3--4-procs/f233.txt for client process 2
Verifying: ./Data/Data-Sets/Data-Sets/Large-Data-Sets/DataSet-3--4-procs/f234.txt
Processing file: ./Data/Data-Sets/Data-Sets/Large-Data-Sets/DataSet-3--4-procs/f234.txt for client process 3
Verifying: ./Data/Data-Sets/Data-Sets/Large-Data-Sets/DataSet-3--4-procs/f235.txt
Processing file: ./Data/Data-Sets/Data-Sets/Large-Data-Sets/DataSet-3--4-procs/f235.txt for client process 3
Verifying: ./Data/Data-Sets/Data-Sets/Large-Data-Sets/DataSet-3--4-procs/f236.txt
Processing file: ./Data/Data-Sets/Data-Sets/Large-Data-Sets/DataSet-3--4-procs/f236.txt for client process 0
Verifying: ./Data/Data-Sets/Data-Sets/Large-Data-Sets/DataSet-3--4-procs/f237.txt
Processing file: ./Data/Data-Sets/Data-Sets/Large-Data-Sets/DataSet-3--4-procs/f237.txt for client process 3
Verifying: ./Data/Data-Sets/Data-Sets/Large-Data-Sets/DataSet-3--4-procs/f238.txt
Processing file: ./Data/Data-Sets/Data-Sets/Large-Data-Sets/DataSet-3--4-procs/f238.txt for client process 1
Verifying: ./Data/Data-Sets/Data-Sets/Large-Data-Sets/DataSet-3--4-procs/f239.txt
Processing file: ./Data/Data-Sets/Data-Sets/Large-Data-Sets/DataSet-3--4-procs/f239.txt for client process 2
Verifying: ./Data/Data-Sets/Data-Sets/Large-Data-Sets/DataSet-3--4-procs/f24.txt
Processing file: ./Data/Data-Sets/Data-Sets/Large-Data-Sets/DataSet-3--4-procs/f24.txt for client process 1
Verifying: ./Data/Data-Sets/Data-Sets/Large-Data-Sets/DataSet-3--4-procs/f240.txt
Processing file: ./Data/Data-Sets/Data-Sets/Large-Data-Sets/DataSet-3--4-procs/f240.txt for client process 3
Verifying: ./Data/Data-Sets/Data-Sets/Large-Data-Sets/DataSet-3--4-procs/f241.txt
Processing file: ./Data/Data-Sets/Data-Sets/Large-Data-Sets/DataSet-3--4-procs/f241.txt for client process 1
Verifying: ./Data/Data-Sets/Data-Sets/Large-Data-Sets/DataSet-3--4-procs/f242.txt
Processing file: ./Data/Data-Sets/Data-Sets/Large-Data-Sets/DataSet-3--4-procs/f242.txt for client process 2
Verifying: ./Data/Data-Sets/Data-Sets/Large-Data-Sets/DataSet-3--4-procs/f243.txt
Processing file: ./Data/Data-Sets/Data-Sets/Large-Data-Sets/DataSet-3--4-procs/f243.txt for client process 3
Verifying: ./Data/Data-Sets/Data-Sets/Large-Data-Sets/DataSet-3--4-procs/f244.txt
Processing file: ./Data/Data-Sets/Data-Sets/Large-Data-Sets/DataSet-3--4-procs/f244.txt for client process 0
Verifying: ./Data/Data-Sets/Data-Sets/Large-Data-Sets/DataSet-3--4-procs/f245.txt
Processing file: ./Data/Data-Sets/Data-Sets/Large-Data-Sets/DataSet-3--4-procs/f245.txt for client process 3
Verifying: ./Data/Data-Sets/Data-Sets/Large-Data-Sets/DataSet-3--4-procs/f246.txt
Processing file: ./Data/Data-Sets/Data-Sets/Large-Data-Sets/DataSet-3--4-procs/f246.txt for client process 2
Verifying: ./Data/Data-Sets/Data-Sets/Large-Data-Sets/DataSet-3--4-procs/f247.txt
Processing file: ./Data/Data-Sets/Data-Sets/Large-Data-Sets/DataSet-3--4-procs/f247.txt for client process 1
Verifying: ./Data/Data-Sets/Data-Sets/Large-Data-Sets/DataSet-3--4-procs/f248.txt
Processing file: ./Data/Data-Sets/Data-Sets/Large-Data-Sets/DataSet-3--4-procs/f248.txt for client process 3
Verifying: ./Data/Data-Sets/Data-Sets/Large-Data-Sets/DataSet-3--4-procs/f249.txt
Processing file: ./Data/Data-Sets/Data-Sets/Large-Data-Sets/DataSet-3--4-procs/f249.txt for client process 2
Verifying: ./Data/Data-Sets/Data-Sets/Large-Data-Sets/DataSet-3--4-procs/f25.txt
Processing file: ./Data/Data-Sets/Data-Sets/Large-Data-Sets/DataSet-3--4-procs/f25.txt for client process 0
Verifying: ./Data/Data-Sets/Data-Sets/Large-Data-Sets/DataSet-3--4-procs/f250.txt
Processing file: ./Data/Data-Sets/Data-Sets/Large-Data-Sets/DataSet-3--4-procs/f250.txt for client process 1
Verifying: ./Data/Data-Sets/Data-Sets/Large-Data-Sets/DataSet-3--4-procs/f251.txt
Processing file: ./Data/Data-Sets/Data-Sets/Large-Data-Sets/DataSet-3--4-procs/f251.txt for client process 0
Verifying: ./Data/Data-Sets/Data-Sets/Large-Data-Sets/DataSet-3--4-procs/f252.txt
Processing file: ./Data/Data-Sets/Data-Sets/Large-Data-Sets/DataSet-3--4-procs/f252.txt for client process 3
Verifying: ./Data/Data-Sets/Data-Sets/Large-Data-Sets/DataSet-3--4-procs/f253.txt
Processing file: ./Data/Data-Sets/Data-Sets/Large-Data-Sets/DataSet-3--4-procs/f253.txt for client process 0
Verifying: ./Data/Data-Sets/Data-Sets/Large-Data-Sets/DataSet-3--4-procs/f254.txt
Processing file: ./Data/Data-Sets/Data-Sets/Large-Data-Sets/DataSet-3--4-procs/f254.txt for client process 3
Verifying: ./Data/Data-Sets/Data-Sets/Large-Data-Sets/DataSet-3--4-procs/f255.txt
Processing file: ./Data/Data-Sets/Data-Sets/Large-Data-Sets/DataSet-3--4-procs/f255.txt for client process 0
Verifying: ./Data/Data-Sets/Data-Sets/Large-Data-Sets/DataSet-3--4-procs/f256.txt
Processing file: ./Data/Data-Sets/Data-Sets/Large-Data-Sets/DataSet-3--4-procs/f256.txt for client process 1
Verifying: ./Data/Data-Sets/Data-Sets/Large-Data-Sets/DataSet-3--4-procs/f257.txt
Processing file: ./Data/Data-Sets/Data-Sets/Large-Data-Sets/DataSet-3--4-procs/f257.txt for client process 3
Verifying: ./Data/Data-Sets/Data-Sets/Large-Data-Sets/DataSet-3--4-procs/f258.txt
Processing file: ./Data/Data-Sets/Data-Sets/Large-Data-Sets/DataSet-3--4-procs/f258.txt for client process 0
Verifying: ./Data/Data-Sets/Data-Sets/Large-Data-Sets/DataSet-3--4-procs/f259.txt
Processing file: ./Data/Data-Sets/Data-Sets/Large-Data-Sets/DataSet-3--4-procs/f259.txt for client process 0
Verifying: ./Data/Data-Sets/Data-Sets/Large-Data-Sets/DataSet-3--4-procs/f26.txt
Processing file: ./Data/Data-Sets/Data-Sets/Large-Data-Sets/DataSet-3--4-procs/f26.txt for client process 3
Verifying: ./Data/Data-Sets/Data-Sets/Large-Data-Sets/DataSet-3--4-procs/f260.txt
Processing file: ./Data/Data-Sets/Data-Sets/Large-Data-Sets/DataSet-3--4-procs/f260.txt for client process 1
Verifying: ./Data/Data-Sets/Data-Sets/Large-Data-Sets/DataSet-3--4-procs/f261.txt
Processing file: ./Data/Data-Sets/Data-Sets/Large-Data-Sets/DataSet-3--4-procs/f261.txt for client process 2
Verifying: ./Data/Data-Sets/Data-Sets/Large-Data-Sets/DataSet-3--4-procs/f262.txt
Processing file: ./Data/Data-Sets/Data-Sets/Large-Data-Sets/DataSet-3--4-procs/f262.txt for client process 2
Verifying: ./Data/Data-Sets/Data-Sets/Large-Data-Sets/DataSet-3--4-procs/f263.txt
Processing file: ./Data/Data-Sets/Data-Sets/Large-Data-Sets/DataSet-3--4-procs/f263.txt for client process 3
Verifying: ./Data/Data-Sets/Data-Sets/Large-Data-Sets/DataSet-3--4-procs/f264.txt
Processing file: ./Data/Data-Sets/Data-Sets/Large-Data-Sets/DataSet-3--4-procs/f264.txt for client process 2
Verifying: ./Data/Data-Sets/Data-Sets/Large-Data-Sets/DataSet-3--4-procs/f265.txt
Processing file: ./Data/Data-Sets/Data-Sets/Large-Data-Sets/DataSet-3--4-procs/f265.txt for client process 0
Verifying: ./Data/Data-Sets/Data-Sets/Large-Data-Sets/DataSet-3--4-procs/f266.txt
Processing file: ./Data/Data-Sets/Data-Sets/Large-Data-Sets/DataSet-3--4-procs/f266.txt for client process 2
Verifying: ./Data/Data-Sets/Data-Sets/Large-Data-Sets/DataSet-3--4-procs/f267.txt
Processing file: ./Data/Data-Sets/Data-Sets/Large-Data-Sets/DataSet-3--4-procs/f267.txt for client process 1
Verifying: ./Data/Data-Sets/Data-Sets/Large-Data-Sets/DataSet-3--4-procs/f268.txt
Processing file: ./Data/Data-Sets/Data-Sets/Large-Data-Sets/DataSet-3--4-procs/f268.txt for client process 1
Verifying: ./Data/Data-Sets/Data-Sets/Large-Data-Sets/DataSet-3--4-procs/f269.txt
Processing file: ./Data/Data-Sets/Data-Sets/Large-Data-Sets/DataSet-3--4-procs/f269.txt for client process 3
Verifying: ./Data/Data-Sets/Data-Sets/Large-Data-Sets/DataSet-3--4-procs/f27.txt
Processing file: ./Data/Data-Sets/Data-Sets/Large-Data-Sets/DataSet-3--4-procs/f27.txt for client process 3
Verifying: ./Data/Data-Sets/Data-Sets/Large-Data-Sets/DataSet-3--4-procs/f270.txt
Processing file: ./Data/Data-Sets/Data-Sets/Large-Data-Sets/DataSet-3--4-procs/f270.txt for client process 2
Verifying: ./Data/Data-Sets/Data-Sets/Large-Data-Sets/DataSet-3--4-procs/f271.txt
Processing file: ./Data/Data-Sets/Data-Sets/Large-Data-Sets/DataSet-3--4-procs/f271.txt for client process 3
Verifying: ./Data/Data-Sets/Data-Sets/Large-Data-Sets/DataSet-3--4-procs/f272.txt
Processing file: ./Data/Data-Sets/Data-Sets/Large-Data-Sets/DataSet-3--4-procs/f272.txt for client process 3
Verifying: ./Data/Data-Sets/Data-Sets/Large-Data-Sets/DataSet-3--4-procs/f273.txt
Processing file: ./Data/Data-Sets/Data-Sets/Large-Data-Sets/DataSet-3--4-procs/f273.txt for client process 1
Verifying: ./Data/Data-Sets/Data-Sets/Large-Data-Sets/DataSet-3--4-procs/f274.txt
Processing file: ./Data/Data-Sets/Data-Sets/Large-Data-Sets/DataSet-3--4-procs/f274.txt for client process 0
Verifying: ./Data/Data-Sets/Data-Sets/Large-Data-Sets/DataSet-3--4-procs/f275.txt
Processing file: ./Data/Data-Sets/Data-Sets/Large-Data-Sets/DataSet-3--4-procs/f275.txt for client process 0
Verifying: ./Data/Data-Sets/Data-Sets/Large-Data-Sets/DataSet-3--4-procs/f276.txt
Processing file: ./Data/Data-Sets/Data-Sets/Large-Data-Sets/DataSet-3--4-procs/f276.txt for client process 0
Verifying: ./Data/Data-Sets/Data-Sets/Large-Data-Sets/DataSet-3--4-procs/f277.txt
Processing file: ./Data/Data-Sets/Data-Sets/Large-Data-Sets/DataSet-3--4-procs/f277.txt for client process 2
Verifying: ./Data/Data-Sets/Data-Sets/Large-Data-Sets/DataSet-3--4-procs/f278.txt
Processing file: ./Data/Data-Sets/Data-Sets/Large-Data-Sets/DataSet-3--4-procs/f278.txt for client process 1
Verifying: ./Data/Data-Sets/Data-Sets/Large-Data-Sets/DataSet-3--4-procs/f279.txt
Processing file: ./Data/Data-Sets/Data-Sets/Large-Data-Sets/DataSet-3--4-procs/f279.txt for client process 1
Verifying: ./Data/Data-Sets/Data-Sets/Large-Data-Sets/DataSet-3--4-procs/f28.txt
Processing file: ./Data/Data-Sets/Data-Sets/Large-Data-Sets/DataSet-3--4-procs/f28.txt for client process 0
Verifying: ./Data/Data-Sets/Data-Sets/Large-Data-Sets/DataSet-3--4-procs/f280.txt
Processing file: ./Data/Data-Sets/Data-Sets/Large-Data-Sets/DataSet-3--4-procs/f280.txt for client process 2
Verifying: ./Data/Data-Sets/Data-Sets/Large-Data-Sets/DataSet-3--4-procs/f281.txt
Processing file: ./Data/Data-Sets/Data-Sets/Large-Data-Sets/DataSet-3--4-procs/f281.txt for client process 0
Verifying: ./Data/Data-Sets/Data-Sets/Large-Data-Sets/DataSet-3--4-procs/f282.txt
Processing file: ./Data/Data-Sets/Data-Sets/Large-Data-Sets/DataSet-3--4-procs/f282.txt for client process 0
Verifying: ./Data/Data-Sets/Data-Sets/Large-Data-Sets/DataSet-3--4-procs/f283.txt
Processing file: ./Data/Data-Sets/Data-Sets/Large-Data-Sets/DataSet-3--4-procs/f283.txt for client process 2
Verifying: ./Data/Data-Sets/Data-Sets/Large-Data-Sets/DataSet-3--4-procs/f284.txt
Processing file: ./Data/Data-Sets/Data-Sets/Large-Data-Sets/DataSet-3--4-procs/f284.txt for client process 2
Verifying: ./Data/Data-Sets/Data-Sets/Large-Data-Sets/DataSet-3--4-procs/f285.txt
Processing file: ./Data/Data-Sets/Data-Sets/Large-Data-Sets/DataSet-3--4-procs/f285.txt for client process 0
Verifying: ./Data/Data-Sets/Data-Sets/Large-Data-Sets/DataSet-3--4-procs/f286.txt
Processing file: ./Data/Data-Sets/Data-Sets/Large-Data-Sets/DataSet-3--4-procs/f286.txt for client process 3
Verifying: ./Data/Data-Sets/Data-Sets/Large-Data-Sets/DataSet-3--4-procs/f287.txt
Processing file: ./Data/Data-Sets/Data-Sets/Large-Data-Sets/DataSet-3--4-procs/f287.txt for client process 1
Verifying: ./Data/Data-Sets/Data-Sets/Large-Data-Sets/DataSet-3--4-procs/f288.txt
Processing file: ./Data/Data-Sets/Data-Sets/Large-Data-Sets/DataSet-3--4-procs/f288.txt for client process 0
Verifying: ./Data/Data-Sets/Data-Sets/Large-Data-Sets/DataSet-3--4-procs/f289.txt
Processing file: ./Data/Data-Sets/Data-Sets/Large-Data-Sets/DataSet-3--4-procs/f289.txt for client process 1
Verifying: ./Data/Data-Sets/Data-Sets/Large-Data-Sets/DataSet-3--4-procs/f29.txt
Processing file: ./Data/Data-Sets/Data-Sets/Large-Data-Sets/DataSet-3--4-procs/f29.txt for client process 1
Verifying: ./Data/Data-Sets/Data-Sets/Large-Data-Sets/DataSet-3--4-procs/f290.txt
Processing file: ./Data/Data-Sets/Data-Sets/Large-Data-Sets/DataSet-3--4-procs/f290.txt for client process 0
Verifying: ./Data/Data-Sets/Data-Sets/Large-Data-Sets/DataSet-3--4-procs/f291.txt
Processing file: ./Data/Data-Sets/Data-Sets/Large-Data-Sets/DataSet-3--4-procs/f291.txt for client process 3
Verifying: ./Data/Data-Sets/Data-Sets/Large-Data-Sets/DataSet-3--4-procs/f292.txt
Processing file: ./Data/Data-Sets/Data-Sets/Large-Data-Sets/DataSet-3--4-procs/f292.txt for client process 0
Verifying: ./Data/Data-Sets/Data-Sets/Large-Data-Sets/DataSet-3--4-procs/f293.txt
Processing file: ./Data/Data-Sets/Data-Sets/Large-Data-Sets/DataSet-3--4-procs/f293.txt for client process 0
Verifying: ./Data/Data-Sets/Data-Sets/Large-Data-Sets/DataSet-3--4-procs/f294.txt
Processing file: ./Data/Data-Sets/Data-Sets/Large-Data-Sets/DataSet-3--4-procs/f294.txt for client process 3
Verifying: ./Data/Data-Sets/Data-Sets/Large-Data-Sets/DataSet-3--4-procs/f295.txt
Processing file: ./Data/Data-Sets/Data-Sets/Large-Data-Sets/DataSet-3--4-procs/f295.txt for client process 2
Verifying: ./Data/Data-Sets/Data-Sets/Large-Data-Sets/DataSet-3--4-procs/f296.txt
Processing file: ./Data/Data-Sets/Data-Sets/Large-Data-Sets/DataSet-3--4-procs/f296.txt for client process 3
Verifying: ./Data/Data-Sets/Data-Sets/Large-Data-Sets/DataSet-3--4-procs/f297.txt
Processing file: ./Data/Data-Sets/Data-Sets/Large-Data-Sets/DataSet-3--4-procs/f297.txt for client process 0
Verifying: ./Data/Data-Sets/Data-Sets/Large-Data-Sets/DataSet-3--4-procs/f298.txt
Processing file: ./Data/Data-Sets/Data-Sets/Large-Data-Sets/DataSet-3--4-procs/f298.txt for client process 2
Verifying: ./Data/Data-Sets/Data-Sets/Large-Data-Sets/DataSet-3--4-procs/f299.txt
Processing file: ./Data/Data-Sets/Data-Sets/Large-Data-Sets/DataSet-3--4-procs/f299.txt for client process 1
Verifying: ./Data/Data-Sets/Data-Sets/Large-Data-Sets/DataSet-3--4-procs/f3.txt
Processing file: ./Data/Data-Sets/Data-Sets/Large-Data-Sets/DataSet-3--4-procs/f3.txt for client process 3
Verifying: ./Data/Data-Sets/Data-Sets/Large-Data-Sets/DataSet-3--4-procs/f30.txt
Processing file: ./Data/Data-Sets/Data-Sets/Large-Data-Sets/DataSet-3--4-procs/f30.txt for client process 2
Verifying: ./Data/Data-Sets/Data-Sets/Large-Data-Sets/DataSet-3--4-procs/f300.txt
Processing file: ./Data/Data-Sets/Data-Sets/Large-Data-Sets/DataSet-3--4-procs/f300.txt for client process 0
Verifying: ./Data/Data-Sets/Data-Sets/Large-Data-Sets/DataSet-3--4-procs/f301.txt
Processing file: ./Data/Data-Sets/Data-Sets/Large-Data-Sets/DataSet-3--4-procs/f301.txt for client process 1
Verifying: ./Data/Data-Sets/Data-Sets/Large-Data-Sets/DataSet-3--4-procs/f302.txt
Processing file: ./Data/Data-Sets/Data-Sets/Large-Data-Sets/DataSet-3--4-procs/f302.txt for client process 2
Verifying: ./Data/Data-Sets/Data-Sets/Large-Data-Sets/DataSet-3--4-procs/f303.txt
Processing file: ./Data/Data-Sets/Data-Sets/Large-Data-Sets/DataSet-3--4-procs/f303.txt for client process 2
Verifying: ./Data/Data-Sets/Data-Sets/Large-Data-Sets/DataSet-3--4-procs/f304.txt
Processing file: ./Data/Data-Sets/Data-Sets/Large-Data-Sets/DataSet-3--4-procs/f304.txt for client process 2
Verifying: ./Data/Data-Sets/Data-Sets/Large-Data-Sets/DataSet-3--4-procs/f305.txt
Processing file: ./Data/Data-Sets/Data-Sets/Large-Data-Sets/DataSet-3--4-procs/f305.txt for client process 2
Verifying: ./Data/Data-Sets/Data-Sets/Large-Data-Sets/DataSet-3--4-procs/f306.txt
Processing file: ./Data/Data-Sets/Data-Sets/Large-Data-Sets/DataSet-3--4-procs/f306.txt for client process 2
Verifying: ./Data/Data-Sets/Data-Sets/Large-Data-Sets/DataSet-3--4-procs/f307.txt
Processing file: ./Data/Data-Sets/Data-Sets/Large-Data-Sets/DataSet-3--4-procs/f307.txt for client process 3
Verifying: ./Data/Data-Sets/Data-Sets/Large-Data-Sets/DataSet-3--4-procs/f308.txt
Processing file: ./Data/Data-Sets/Data-Sets/Large-Data-Sets/DataSet-3--4-procs/f308.txt for client process 1
Verifying: ./Data/Data-Sets/Data-Sets/Large-Data-Sets/DataSet-3--4-procs/f309.txt
Processing file: ./Data/Data-Sets/Data-Sets/Large-Data-Sets/DataSet-3--4-procs/f309.txt for client process 3
Verifying: ./Data/Data-Sets/Data-Sets/Large-Data-Sets/DataSet-3--4-procs/f31.txt
Processing file: ./Data/Data-Sets/Data-Sets/Large-Data-Sets/DataSet-3--4-procs/f31.txt for client process 3
Verifying: ./Data/Data-Sets/Data-Sets/Large-Data-Sets/DataSet-3--4-procs/f310.txt
Processing file: ./Data/Data-Sets/Data-Sets/Large-Data-Sets/DataSet-3--4-procs/f310.txt for client process 0
Verifying: ./Data/Data-Sets/Data-Sets/Large-Data-Sets/DataSet-3--4-procs/f311.txt
Processing file: ./Data/Data-Sets/Data-Sets/Large-Data-Sets/DataSet-3--4-procs/f311.txt for client process 3
Verifying: ./Data/Data-Sets/Data-Sets/Large-Data-Sets/DataSet-3--4-procs/f312.txt
Processing file: ./Data/Data-Sets/Data-Sets/Large-Data-Sets/DataSet-3--4-procs/f312.txt for client process 2
Verifying: ./Data/Data-Sets/Data-Sets/Large-Data-Sets/DataSet-3--4-procs/f313.txt
Processing file: ./Data/Data-Sets/Data-Sets/Large-Data-Sets/DataSet-3--4-procs/f313.txt for client process 1
Verifying: ./Data/Data-Sets/Data-Sets/Large-Data-Sets/DataSet-3--4-procs/f314.txt
Processing file: ./Data/Data-Sets/Data-Sets/Large-Data-Sets/DataSet-3--4-procs/f314.txt for client process 0
Verifying: ./Data/Data-Sets/Data-Sets/Large-Data-Sets/DataSet-3--4-procs/f315.txt
Processing file: ./Data/Data-Sets/Data-Sets/Large-Data-Sets/DataSet-3--4-procs/f315.txt for client process 0
Verifying: ./Data/Data-Sets/Data-Sets/Large-Data-Sets/DataSet-3--4-procs/f316.txt
Processing file: ./Data/Data-Sets/Data-Sets/Large-Data-Sets/DataSet-3--4-procs/f316.txt for client process 2
Verifying: ./Data/Data-Sets/Data-Sets/Large-Data-Sets/DataSet-3--4-procs/f317.txt
Processing file: ./Data/Data-Sets/Data-Sets/Large-Data-Sets/DataSet-3--4-procs/f317.txt for client process 0
Verifying: ./Data/Data-Sets/Data-Sets/Large-Data-Sets/DataSet-3--4-procs/f318.txt
Processing file: ./Data/Data-Sets/Data-Sets/Large-Data-Sets/DataSet-3--4-procs/f318.txt for client process 3
Verifying: ./Data/Data-Sets/Data-Sets/Large-Data-Sets/DataSet-3--4-procs/f319.txt
Processing file: ./Data/Data-Sets/Data-Sets/Large-Data-Sets/DataSet-3--4-procs/f319.txt for client process 0
Verifying: ./Data/Data-Sets/Data-Sets/Large-Data-Sets/DataSet-3--4-procs/f32.txt
Processing file: ./Data/Data-Sets/Data-Sets/Large-Data-Sets/DataSet-3--4-procs/f32.txt for client process 2
Verifying: ./Data/Data-Sets/Data-Sets/Large-Data-Sets/DataSet-3--4-procs/f320.txt
Processing file: ./Data/Data-Sets/Data-Sets/Large-Data-Sets/DataSet-3--4-procs/f320.txt for client process 0
Verifying: ./Data/Data-Sets/Data-Sets/Large-Data-Sets/DataSet-3--4-procs/f321.txt
Processing file: ./Data/Data-Sets/Data-Sets/Large-Data-Sets/DataSet-3--4-procs/f321.txt for client process 1
Verifying: ./Data/Data-Sets/Data-Sets/Large-Data-Sets/DataSet-3--4-procs/f322.txt
Processing file: ./Data/Data-Sets/Data-Sets/Large-Data-Sets/DataSet-3--4-procs/f322.txt for client process 2
Verifying: ./Data/Data-Sets/Data-Sets/Large-Data-Sets/DataSet-3--4-procs/f323.txt
Processing file: ./Data/Data-Sets/Data-Sets/Large-Data-Sets/DataSet-3--4-procs/f323.txt for client process 3
Verifying: ./Data/Data-Sets/Data-Sets/Large-Data-Sets/DataSet-3--4-procs/f324.txt
Processing file: ./Data/Data-Sets/Data-Sets/Large-Data-Sets/DataSet-3--4-procs/f324.txt for client process 1
Verifying: ./Data/Data-Sets/Data-Sets/Large-Data-Sets/DataSet-3--4-procs/f325.txt
Processing file: ./Data/Data-Sets/Data-Sets/Large-Data-Sets/DataSet-3--4-procs/f325.txt for client process 1
Verifying: ./Data/Data-Sets/Data-Sets/Large-Data-Sets/DataSet-3--4-procs/f326.txt
Processing file: ./Data/Data-Sets/Data-Sets/Large-Data-Sets/DataSet-3--4-procs/f326.txt for client process 1
Verifying: ./Data/Data-Sets/Data-Sets/Large-Data-Sets/DataSet-3--4-procs/f327.txt
Processing file: ./Data/Data-Sets/Data-Sets/Large-Data-Sets/DataSet-3--4-procs/f327.txt for client process 1
Verifying: ./Data/Data-Sets/Data-Sets/Large-Data-Sets/DataSet-3--4-procs/f328.txt
Processing file: ./Data/Data-Sets/Data-Sets/Large-Data-Sets/DataSet-3--4-procs/f328.txt for client process 1
Verifying: ./Data/Data-Sets/Data-Sets/Large-Data-Sets/DataSet-3--4-procs/f329.txt
Processing file: ./Data/Data-Sets/Data-Sets/Large-Data-Sets/DataSet-3--4-procs/f329.txt for client process 3
Verifying: ./Data/Data-Sets/Data-Sets/Large-Data-Sets/DataSet-3--4-procs/f33.txt
Processing file: ./Data/Data-Sets/Data-Sets/Large-Data-Sets/DataSet-3--4-procs/f33.txt for client process 3
Verifying: ./Data/Data-Sets/Data-Sets/Large-Data-Sets/DataSet-3--4-procs/f330.txt
Processing file: ./Data/Data-Sets/Data-Sets/Large-Data-Sets/DataSet-3--4-procs/f330.txt for client process 0
Verifying: ./Data/Data-Sets/Data-Sets/Large-Data-Sets/DataSet-3--4-procs/f331.txt
Processing file: ./Data/Data-Sets/Data-Sets/Large-Data-Sets/DataSet-3--4-procs/f331.txt for client process 3
Verifying: ./Data/Data-Sets/Data-Sets/Large-Data-Sets/DataSet-3--4-procs/f332.txt
Processing file: ./Data/Data-Sets/Data-Sets/Large-Data-Sets/DataSet-3--4-procs/f332.txt for client process 1
Verifying: ./Data/Data-Sets/Data-Sets/Large-Data-Sets/DataSet-3--4-procs/f333.txt
Processing file: ./Data/Data-Sets/Data-Sets/Large-Data-Sets/DataSet-3--4-procs/f333.txt for client process 2
Verifying: ./Data/Data-Sets/Data-Sets/Large-Data-Sets/DataSet-3--4-procs/f334.txt
Processing file: ./Data/Data-Sets/Data-Sets/Large-Data-Sets/DataSet-3--4-procs/f334.txt for client process 1
Verifying: ./Data/Data-Sets/Data-Sets/Large-Data-Sets/DataSet-3--4-procs/f335.txt
Processing file: ./Data/Data-Sets/Data-Sets/Large-Data-Sets/DataSet-3--4-procs/f335.txt for client process 3
Verifying: ./Data/Data-Sets/Data-Sets/Large-Data-Sets/DataSet-3--4-procs/f336.txt
Processing file: ./Data/Data-Sets/Data-Sets/Large-Data-Sets/DataSet-3--4-procs/f336.txt for client process 3
Verifying: ./Data/Data-Sets/Data-Sets/Large-Data-Sets/DataSet-3--4-procs/f337.txt
Processing file: ./Data/Data-Sets/Data-Sets/Large-Data-Sets/DataSet-3--4-procs/f337.txt for client process 2
Verifying: ./Data/Data-Sets/Data-Sets/Large-Data-Sets/DataSet-3--4-procs/f338.txt
Processing file: ./Data/Data-Sets/Data-Sets/Large-Data-Sets/DataSet-3--4-procs/f338.txt for client process 0
Verifying: ./Data/Data-Sets/Data-Sets/Large-Data-Sets/DataSet-3--4-procs/f339.txt
Processing file: ./Data/Data-Sets/Data-Sets/Large-Data-Sets/DataSet-3--4-procs/f339.txt for client process 1
Verifying: ./Data/Data-Sets/Data-Sets/Large-Data-Sets/DataSet-3--4-procs/f34.txt
Processing file: ./Data/Data-Sets/Data-Sets/Large-Data-Sets/DataSet-3--4-procs/f34.txt for client process 2
Verifying: ./Data/Data-Sets/Data-Sets/Large-Data-Sets/DataSet-3--4-procs/f340.txt
Processing file: ./Data/Data-Sets/Data-Sets/Large-Data-Sets/DataSet-3--4-procs/f340.txt for client process 3
Verifying: ./Data/Data-Sets/Data-Sets/Large-Data-Sets/DataSet-3--4-procs/f341.txt
Processing file: ./Data/Data-Sets/Data-Sets/Large-Data-Sets/DataSet-3--4-procs/f341.txt for client process 0
Verifying: ./Data/Data-Sets/Data-Sets/Large-Data-Sets/DataSet-3--4-procs/f342.txt
Processing file: ./Data/Data-Sets/Data-Sets/Large-Data-Sets/DataSet-3--4-procs/f342.txt for client process 0
Verifying: ./Data/Data-Sets/Data-Sets/Large-Data-Sets/DataSet-3--4-procs/f343.txt
Processing file: ./Data/Data-Sets/Data-Sets/Large-Data-Sets/DataSet-3--4-procs/f343.txt for client process 3
Verifying: ./Data/Data-Sets/Data-Sets/Large-Data-Sets/DataSet-3--4-procs/f344.txt
Processing file: ./Data/Data-Sets/Data-Sets/Large-Data-Sets/DataSet-3--4-procs/f344.txt for client process 0
Verifying: ./Data/Data-Sets/Data-Sets/Large-Data-Sets/DataSet-3--4-procs/f345.txt
Processing file: ./Data/Data-Sets/Data-Sets/Large-Data-Sets/DataSet-3--4-procs/f345.txt for client process 3
Verifying: ./Data/Data-Sets/Data-Sets/Large-Data-Sets/DataSet-3--4-procs/f346.txt
Processing file: ./Data/Data-Sets/Data-Sets/Large-Data-Sets/DataSet-3--4-procs/f346.txt for client process 2
Verifying: ./Data/Data-Sets/Data-Sets/Large-Data-Sets/DataSet-3--4-procs/f347.txt
Processing file: ./Data/Data-Sets/Data-Sets/Large-Data-Sets/DataSet-3--4-procs/f347.txt for client process 3
Verifying: ./Data/Data-Sets/Data-Sets/Large-Data-Sets/DataSet-3--4-procs/f348.txt
Processing file: ./Data/Data-Sets/Data-Sets/Large-Data-Sets/DataSet-3--4-procs/f348.txt for client process 1
Verifying: ./Data/Data-Sets/Data-Sets/Large-Data-Sets/DataSet-3--4-procs/f349.txt
Processing file: ./Data/Data-Sets/Data-Sets/Large-Data-Sets/DataSet-3--4-procs/f349.txt for client process 2
Verifying: ./Data/Data-Sets/Data-Sets/Large-Data-Sets/DataSet-3--4-procs/f35.txt
Processing file: ./Data/Data-Sets/Data-Sets/Large-Data-Sets/DataSet-3--4-procs/f35.txt for client process 2
Verifying: ./Data/Data-Sets/Data-Sets/Large-Data-Sets/DataSet-3--4-procs/f350.txt
Processing file: ./Data/Data-Sets/Data-Sets/Large-Data-Sets/DataSet-3--4-procs/f350.txt for client process 1
Verifying: ./Data/Data-Sets/Data-Sets/Large-Data-Sets/DataSet-3--4-procs/f351.txt
Processing file: ./Data/Data-Sets/Data-Sets/Large-Data-Sets/DataSet-3--4-procs/f351.txt for client process 3
Verifying: ./Data/Data-Sets/Data-Sets/Large-Data-Sets/DataSet-3--4-procs/f352.txt
Processing file: ./Data/Data-Sets/Data-Sets/Large-Data-Sets/DataSet-3--4-procs/f352.txt for client process 1
Verifying: ./Data/Data-Sets/Data-Sets/Large-Data-Sets/DataSet-3--4-procs/f353.txt
Processing file: ./Data/Data-Sets/Data-Sets/Large-Data-Sets/DataSet-3--4-procs/f353.txt for client process 0
Verifying: ./Data/Data-Sets/Data-Sets/Large-Data-Sets/DataSet-3--4-procs/f354.txt
Processing file: ./Data/Data-Sets/Data-Sets/Large-Data-Sets/DataSet-3--4-procs/f354.txt for client process 1
Verifying: ./Data/Data-Sets/Data-Sets/Large-Data-Sets/DataSet-3--4-procs/f355.txt
Processing file: ./Data/Data-Sets/Data-Sets/Large-Data-Sets/DataSet-3--4-procs/f355.txt for client process 1
Verifying: ./Data/Data-Sets/Data-Sets/Large-Data-Sets/DataSet-3--4-procs/f356.txt
Processing file: ./Data/Data-Sets/Data-Sets/Large-Data-Sets/DataSet-3--4-procs/f356.txt for client process 3
Verifying: ./Data/Data-Sets/Data-Sets/Large-Data-Sets/DataSet-3--4-procs/f357.txt
Processing file: ./Data/Data-Sets/Data-Sets/Large-Data-Sets/DataSet-3--4-procs/f357.txt for client process 2
Verifying: ./Data/Data-Sets/Data-Sets/Large-Data-Sets/DataSet-3--4-procs/f358.txt
Processing file: ./Data/Data-Sets/Data-Sets/Large-Data-Sets/DataSet-3--4-procs/f358.txt for client process 2
Verifying: ./Data/Data-Sets/Data-Sets/Large-Data-Sets/DataSet-3--4-procs/f359.txt
Processing file: ./Data/Data-Sets/Data-Sets/Large-Data-Sets/DataSet-3--4-procs/f359.txt for client process 1
Verifying: ./Data/Data-Sets/Data-Sets/Large-Data-Sets/DataSet-3--4-procs/f36.txt
Processing file: ./Data/Data-Sets/Data-Sets/Large-Data-Sets/DataSet-3--4-procs/f36.txt for client process 3
Verifying: ./Data/Data-Sets/Data-Sets/Large-Data-Sets/DataSet-3--4-procs/f360.txt
Processing file: ./Data/Data-Sets/Data-Sets/Large-Data-Sets/DataSet-3--4-procs/f360.txt for client process 2
Verifying: ./Data/Data-Sets/Data-Sets/Large-Data-Sets/DataSet-3--4-procs/f361.txt
Processing file: ./Data/Data-Sets/Data-Sets/Large-Data-Sets/DataSet-3--4-procs/f361.txt for client process 1
Verifying: ./Data/Data-Sets/Data-Sets/Large-Data-Sets/DataSet-3--4-procs/f362.txt
Processing file: ./Data/Data-Sets/Data-Sets/Large-Data-Sets/DataSet-3--4-procs/f362.txt for client process 2
Verifying: ./Data/Data-Sets/Data-Sets/Large-Data-Sets/DataSet-3--4-procs/f363.txt
Processing file: ./Data/Data-Sets/Data-Sets/Large-Data-Sets/DataSet-3--4-procs/f363.txt for client process 2
Verifying: ./Data/Data-Sets/Data-Sets/Large-Data-Sets/DataSet-3--4-procs/f364.txt
Processing file: ./Data/Data-Sets/Data-Sets/Large-Data-Sets/DataSet-3--4-procs/f364.txt for client process 2
Verifying: ./Data/Data-Sets/Data-Sets/Large-Data-Sets/DataSet-3--4-procs/f365.txt
Processing file: ./Data/Data-Sets/Data-Sets/Large-Data-Sets/DataSet-3--4-procs/f365.txt for client process 2
Verifying: ./Data/Data-Sets/Data-Sets/Large-Data-Sets/DataSet-3--4-procs/f366.txt
Processing file: ./Data/Data-Sets/Data-Sets/Large-Data-Sets/DataSet-3--4-procs/f366.txt for client process 1
Verifying: ./Data/Data-Sets/Data-Sets/Large-Data-Sets/DataSet-3--4-procs/f367.txt
Processing file: ./Data/Data-Sets/Data-Sets/Large-Data-Sets/DataSet-3--4-procs/f367.txt for client process 0
Verifying: ./Data/Data-Sets/Data-Sets/Large-Data-Sets/DataSet-3--4-procs/f368.txt
Processing file: ./Data/Data-Sets/Data-Sets/Large-Data-Sets/DataSet-3--4-procs/f368.txt for client process 2
Verifying: ./Data/Data-Sets/Data-Sets/Large-Data-Sets/DataSet-3--4-procs/f369.txt
Processing file: ./Data/Data-Sets/Data-Sets/Large-Data-Sets/DataSet-3--4-procs/f369.txt for client process 3
Verifying: ./Data/Data-Sets/Data-Sets/Large-Data-Sets/DataSet-3--4-procs/f37.txt
Processing file: ./Data/Data-Sets/Data-Sets/Large-Data-Sets/DataSet-3--4-procs/f37.txt for client process 2
Verifying: ./Data/Data-Sets/Data-Sets/Large-Data-Sets/DataSet-3--4-procs/f370.txt
Processing file: ./Data/Data-Sets/Data-Sets/Large-Data-Sets/DataSet-3--4-procs/f370.txt for client process 1
Verifying: ./Data/Data-Sets/Data-Sets/Large-Data-Sets/DataSet-3--4-procs/f371.txt
Processing file: ./Data/Data-Sets/Data-Sets/Large-Data-Sets/DataSet-3--4-procs/f371.txt for client process 3
Verifying: ./Data/Data-Sets/Data-Sets/Large-Data-Sets/DataSet-3--4-procs/f372.txt
Processing file: ./Data/Data-Sets/Data-Sets/Large-Data-Sets/DataSet-3--4-procs/f372.txt for client process 2
Verifying: ./Data/Data-Sets/Data-Sets/Large-Data-Sets/DataSet-3--4-procs/f373.txt
Processing file: ./Data/Data-Sets/Data-Sets/Large-Data-Sets/DataSet-3--4-procs/f373.txt for client process 1
Verifying: ./Data/Data-Sets/Data-Sets/Large-Data-Sets/DataSet-3--4-procs/f374.txt
Processing file: ./Data/Data-Sets/Data-Sets/Large-Data-Sets/DataSet-3--4-procs/f374.txt for client process 0
Verifying: ./Data/Data-Sets/Data-Sets/Large-Data-Sets/DataSet-3--4-procs/f375.txt
Processing file: ./Data/Data-Sets/Data-Sets/Large-Data-Sets/DataSet-3--4-procs/f375.txt for client process 1
Verifying: ./Data/Data-Sets/Data-Sets/Large-Data-Sets/DataSet-3--4-procs/f376.txt
Processing file: ./Data/Data-Sets/Data-Sets/Large-Data-Sets/DataSet-3--4-procs/f376.txt for client process 1
Verifying: ./Data/Data-Sets/Data-Sets/Large-Data-Sets/DataSet-3--4-procs/f377.txt
Processing file: ./Data/Data-Sets/Data-Sets/Large-Data-Sets/DataSet-3--4-procs/f377.txt for client process 1
Verifying: ./Data/Data-Sets/Data-Sets/Large-Data-Sets/DataSet-3--4-procs/f378.txt
Processing file: ./Data/Data-Sets/Data-Sets/Large-Data-Sets/DataSet-3--4-procs/f378.txt for client process 0
Verifying: ./Data/Data-Sets/Data-Sets/Large-Data-Sets/DataSet-3--4-procs/f379.txt
Processing file: ./Data/Data-Sets/Data-Sets/Large-Data-Sets/DataSet-3--4-procs/f379.txt for client process 2
Verifying: ./Data/Data-Sets/Data-Sets/Large-Data-Sets/DataSet-3--4-procs/f38.txt
Processing file: ./Data/Data-Sets/Data-Sets/Large-Data-Sets/DataSet-3--4-procs/f38.txt for client process 0
Verifying: ./Data/Data-Sets/Data-Sets/Large-Data-Sets/DataSet-3--4-procs/f380.txt
Processing file: ./Data/Data-Sets/Data-Sets/Large-Data-Sets/DataSet-3--4-procs/f380.txt for client process 0
Verifying: ./Data/Data-Sets/Data-Sets/Large-Data-Sets/DataSet-3--4-procs/f381.txt
Processing file: ./Data/Data-Sets/Data-Sets/Large-Data-Sets/DataSet-3--4-procs/f381.txt for client process 3
Verifying: ./Data/Data-Sets/Data-Sets/Large-Data-Sets/DataSet-3--4-procs/f382.txt
Processing file: ./Data/Data-Sets/Data-Sets/Large-Data-Sets/DataSet-3--4-procs/f382.txt for client process 0
Verifying: ./Data/Data-Sets/Data-Sets/Large-Data-Sets/DataSet-3--4-procs/f383.txt
Processing file: ./Data/Data-Sets/Data-Sets/Large-Data-Sets/DataSet-3--4-procs/f383.txt for client process 2
Verifying: ./Data/Data-Sets/Data-Sets/Large-Data-Sets/DataSet-3--4-procs/f384.txt
Processing file: ./Data/Data-Sets/Data-Sets/Large-Data-Sets/DataSet-3--4-procs/f384.txt for client process 3
Verifying: ./Data/Data-Sets/Data-Sets/Large-Data-Sets/DataSet-3--4-procs/f385.txt
Processing file: ./Data/Data-Sets/Data-Sets/Large-Data-Sets/DataSet-3--4-procs/f385.txt for client process 1
Verifying: ./Data/Data-Sets/Data-Sets/Large-Data-Sets/DataSet-3--4-procs/f386.txt
Processing file: ./Data/Data-Sets/Data-Sets/Large-Data-Sets/DataSet-3--4-procs/f386.txt for client process 0
Verifying: ./Data/Data-Sets/Data-Sets/Large-Data-Sets/DataSet-3--4-procs/f387.txt
Processing file: ./Data/Data-Sets/Data-Sets/Large-Data-Sets/DataSet-3--4-procs/f387.txt for client process 3
Verifying: ./Data/Data-Sets/Data-Sets/Large-Data-Sets/DataSet-3--4-procs/f388.txt
Processing file: ./Data/Data-Sets/Data-Sets/Large-Data-Sets/DataSet-3--4-procs/f388.txt for client process 1
Verifying: ./Data/Data-Sets/Data-Sets/Large-Data-Sets/DataSet-3--4-procs/f389.txt
Processing file: ./Data/Data-Sets/Data-Sets/Large-Data-Sets/DataSet-3--4-procs/f389.txt for client process 1
Verifying: ./Data/Data-Sets/Data-Sets/Large-Data-Sets/DataSet-3--4-procs/f39.txt
Processing file: ./Data/Data-Sets/Data-Sets/Large-Data-Sets/DataSet-3--4-procs/f39.txt for client process 1
Verifying: ./Data/Data-Sets/Data-Sets/Large-Data-Sets/DataSet-3--4-procs/f390.txt
Processing file: ./Data/Data-Sets/Data-Sets/Large-Data-Sets/DataSet-3--4-procs/f390.txt for client process 1
Verifying: ./Data/Data-Sets/Data-Sets/Large-Data-Sets/DataSet-3--4-procs/f391.txt
Processing file: ./Data/Data-Sets/Data-Sets/Large-Data-Sets/DataSet-3--4-procs/f391.txt for client process 3
Verifying: ./Data/Data-Sets/Data-Sets/Large-Data-Sets/DataSet-3--4-procs/f392.txt
Processing file: ./Data/Data-Sets/Data-Sets/Large-Data-Sets/DataSet-3--4-procs/f392.txt for client process 0
Verifying: ./Data/Data-Sets/Data-Sets/Large-Data-Sets/DataSet-3--4-procs/f393.txt
Processing file: ./Data/Data-Sets/Data-Sets/Large-Data-Sets/DataSet-3--4-procs/f393.txt for client process 2
Verifying: ./Data/Data-Sets/Data-Sets/Large-Data-Sets/DataSet-3--4-procs/f394.txt
Processing file: ./Data/Data-Sets/Data-Sets/Large-Data-Sets/DataSet-3--4-procs/f394.txt for client process 1
Verifying: ./Data/Data-Sets/Data-Sets/Large-Data-Sets/DataSet-3--4-procs/f395.txt
Processing file: ./Data/Data-Sets/Data-Sets/Large-Data-Sets/DataSet-3--4-procs/f395.txt for client process 2
Verifying: ./Data/Data-Sets/Data-Sets/Large-Data-Sets/DataSet-3--4-procs/f396.txt
Processing file: ./Data/Data-Sets/Data-Sets/Large-Data-Sets/DataSet-3--4-procs/f396.txt for client process 1
Verifying: ./Data/Data-Sets/Data-Sets/Large-Data-Sets/DataSet-3--4-procs/f397.txt
Processing file: ./Data/Data-Sets/Data-Sets/Large-Data-Sets/DataSet-3--4-procs/f397.txt for client process 0
Verifying: ./Data/Data-Sets/Data-Sets/Large-Data-Sets/DataSet-3--4-procs/f398.txt
Processing file: ./Data/Data-Sets/Data-Sets/Large-Data-Sets/DataSet-3--4-procs/f398.txt for client process 1
Verifying: ./Data/Data-Sets/Data-Sets/Large-Data-Sets/DataSet-3--4-procs/f399.txt
Processing file: ./Data/Data-Sets/Data-Sets/Large-Data-Sets/DataSet-3--4-procs/f399.txt for client process 0
Verifying: ./Data/Data-Sets/Data-Sets/Large-Data-Sets/DataSet-3--4-procs/f4.txt
Processing file: ./Data/Data-Sets/Data-Sets/Large-Data-Sets/DataSet-3--4-procs/f4.txt for client process 0
Verifying: ./Data/Data-Sets/Data-Sets/Large-Data-Sets/DataSet-3--4-procs/f40.txt
Processing file: ./Data/Data-Sets/Data-Sets/Large-Data-Sets/DataSet-3--4-procs/f40.txt for client process 0
Verifying: ./Data/Data-Sets/Data-Sets/Large-Data-Sets/DataSet-3--4-procs/f400.txt
Processing file: ./Data/Data-Sets/Data-Sets/Large-Data-Sets/DataSet-3--4-procs/f400.txt for client process 0
Verifying: ./Data/Data-Sets/Data-Sets/Large-Data-Sets/DataSet-3--4-procs/f401.txt
Processing file: ./Data/Data-Sets/Data-Sets/Large-Data-Sets/DataSet-3--4-procs/f401.txt for client process 1
Verifying: ./Data/Data-Sets/Data-Sets/Large-Data-Sets/DataSet-3--4-procs/f402.txt
Processing file: ./Data/Data-Sets/Data-Sets/Large-Data-Sets/DataSet-3--4-procs/f402.txt for client process 1
Verifying: ./Data/Data-Sets/Data-Sets/Large-Data-Sets/DataSet-3--4-procs/f403.txt
Processing file: ./Data/Data-Sets/Data-Sets/Large-Data-Sets/DataSet-3--4-procs/f403.txt for client process 3
Verifying: ./Data/Data-Sets/Data-Sets/Large-Data-Sets/DataSet-3--4-procs/f404.txt
Processing file: ./Data/Data-Sets/Data-Sets/Large-Data-Sets/DataSet-3--4-procs/f404.txt for client process 1
Verifying: ./Data/Data-Sets/Data-Sets/Large-Data-Sets/DataSet-3--4-procs/f405.txt
Processing file: ./Data/Data-Sets/Data-Sets/Large-Data-Sets/DataSet-3--4-procs/f405.txt for client process 0
Verifying: ./Data/Data-Sets/Data-Sets/Large-Data-Sets/DataSet-3--4-procs/f406.txt
Processing file: ./Data/Data-Sets/Data-Sets/Large-Data-Sets/DataSet-3--4-procs/f406.txt for client process 1
Verifying: ./Data/Data-Sets/Data-Sets/Large-Data-Sets/DataSet-3--4-procs/f407.txt
Processing file: ./Data/Data-Sets/Data-Sets/Large-Data-Sets/DataSet-3--4-procs/f407.txt for client process 3
Verifying: ./Data/Data-Sets/Data-Sets/Large-Data-Sets/DataSet-3--4-procs/f408.txt
Processing file: ./Data/Data-Sets/Data-Sets/Large-Data-Sets/DataSet-3--4-procs/f408.txt for client process 3
Verifying: ./Data/Data-Sets/Data-Sets/Large-Data-Sets/DataSet-3--4-procs/f409.txt
Processing file: ./Data/Data-Sets/Data-Sets/Large-Data-Sets/DataSet-3--4-procs/f409.txt for client process 3
Verifying: ./Data/Data-Sets/Data-Sets/Large-Data-Sets/DataSet-3--4-procs/f41.txt
Processing file: ./Data/Data-Sets/Data-Sets/Large-Data-Sets/DataSet-3--4-procs/f41.txt for client process 2
Verifying: ./Data/Data-Sets/Data-Sets/Large-Data-Sets/DataSet-3--4-procs/f410.txt
Processing file: ./Data/Data-Sets/Data-Sets/Large-Data-Sets/DataSet-3--4-procs/f410.txt for client process 0
Verifying: ./Data/Data-Sets/Data-Sets/Large-Data-Sets/DataSet-3--4-procs/f411.txt
Processing file: ./Data/Data-Sets/Data-Sets/Large-Data-Sets/DataSet-3--4-procs/f411.txt for client process 2
Verifying: ./Data/Data-Sets/Data-Sets/Large-Data-Sets/DataSet-3--4-procs/f412.txt
Processing file: ./Data/Data-Sets/Data-Sets/Large-Data-Sets/DataSet-3--4-procs/f412.txt for client process 0
Verifying: ./Data/Data-Sets/Data-Sets/Large-Data-Sets/DataSet-3--4-procs/f413.txt
Processing file: ./Data/Data-Sets/Data-Sets/Large-Data-Sets/DataSet-3--4-procs/f413.txt for client process 1
Verifying: ./Data/Data-Sets/Data-Sets/Large-Data-Sets/DataSet-3--4-procs/f414.txt
Processing file: ./Data/Data-Sets/Data-Sets/Large-Data-Sets/DataSet-3--4-procs/f414.txt for client process 3
Verifying: ./Data/Data-Sets/Data-Sets/Large-Data-Sets/DataSet-3--4-procs/f415.txt
Processing file: ./Data/Data-Sets/Data-Sets/Large-Data-Sets/DataSet-3--4-procs/f415.txt for client process 1
Verifying: ./Data/Data-Sets/Data-Sets/Large-Data-Sets/DataSet-3--4-procs/f416.txt
Processing file: ./Data/Data-Sets/Data-Sets/Large-Data-Sets/DataSet-3--4-procs/f416.txt for client process 3
Verifying: ./Data/Data-Sets/Data-Sets/Large-Data-Sets/DataSet-3--4-procs/f417.txt
Processing file: ./Data/Data-Sets/Data-Sets/Large-Data-Sets/DataSet-3--4-procs/f417.txt for client process 1
Verifying: ./Data/Data-Sets/Data-Sets/Large-Data-Sets/DataSet-3--4-procs/f418.txt
Processing file: ./Data/Data-Sets/Data-Sets/Large-Data-Sets/DataSet-3--4-procs/f418.txt for client process 1
Verifying: ./Data/Data-Sets/Data-Sets/Large-Data-Sets/DataSet-3--4-procs/f419.txt
Processing file: ./Data/Data-Sets/Data-Sets/Large-Data-Sets/DataSet-3--4-procs/f419.txt for client process 3
Verifying: ./Data/Data-Sets/Data-Sets/Large-Data-Sets/DataSet-3--4-procs/f42.txt
Processing file: ./Data/Data-Sets/Data-Sets/Large-Data-Sets/DataSet-3--4-procs/f42.txt for client process 1
Verifying: ./Data/Data-Sets/Data-Sets/Large-Data-Sets/DataSet-3--4-procs/f420.txt
Processing file: ./Data/Data-Sets/Data-Sets/Large-Data-Sets/DataSet-3--4-procs/f420.txt for client process 2
Verifying: ./Data/Data-Sets/Data-Sets/Large-Data-Sets/DataSet-3--4-procs/f421.txt
Processing file: ./Data/Data-Sets/Data-Sets/Large-Data-Sets/DataSet-3--4-procs/f421.txt for client process 2
Verifying: ./Data/Data-Sets/Data-Sets/Large-Data-Sets/DataSet-3--4-procs/f422.txt
Processing file: ./Data/Data-Sets/Data-Sets/Large-Data-Sets/DataSet-3--4-procs/f422.txt for client process 2
Verifying: ./Data/Data-Sets/Data-Sets/Large-Data-Sets/DataSet-3--4-procs/f423.txt
Processing file: ./Data/Data-Sets/Data-Sets/Large-Data-Sets/DataSet-3--4-procs/f423.txt for client process 1
Verifying: ./Data/Data-Sets/Data-Sets/Large-Data-Sets/DataSet-3--4-procs/f424.txt
Processing file: ./Data/Data-Sets/Data-Sets/Large-Data-Sets/DataSet-3--4-procs/f424.txt for client process 3
Verifying: ./Data/Data-Sets/Data-Sets/Large-Data-Sets/DataSet-3--4-procs/f425.txt
Processing file: ./Data/Data-Sets/Data-Sets/Large-Data-Sets/DataSet-3--4-procs/f425.txt for client process 3
Verifying: ./Data/Data-Sets/Data-Sets/Large-Data-Sets/DataSet-3--4-procs/f426.txt
Processing file: ./Data/Data-Sets/Data-Sets/Large-Data-Sets/DataSet-3--4-procs/f426.txt for client process 1
Verifying: ./Data/Data-Sets/Data-Sets/Large-Data-Sets/DataSet-3--4-procs/f427.txt
Processing file: ./Data/Data-Sets/Data-Sets/Large-Data-Sets/DataSet-3--4-procs/f427.txt for client process 1
Verifying: ./Data/Data-Sets/Data-Sets/Large-Data-Sets/DataSet-3--4-procs/f428.txt
Processing file: ./Data/Data-Sets/Data-Sets/Large-Data-Sets/DataSet-3--4-procs/f428.txt for client process 3
Verifying: ./Data/Data-Sets/Data-Sets/Large-Data-Sets/DataSet-3--4-procs/f429.txt
Processing file: ./Data/Data-Sets/Data-Sets/Large-Data-Sets/DataSet-3--4-procs/f429.txt for client process 2
Verifying: ./Data/Data-Sets/Data-Sets/Large-Data-Sets/DataSet-3--4-procs/f43.txt
Processing file: ./Data/Data-Sets/Data-Sets/Large-Data-Sets/DataSet-3--4-procs/f43.txt for client process 3
Verifying: ./Data/Data-Sets/Data-Sets/Large-Data-Sets/DataSet-3--4-procs/f430.txt
Processing file: ./Data/Data-Sets/Data-Sets/Large-Data-Sets/DataSet-3--4-procs/f430.txt for client process 3
Verifying: ./Data/Data-Sets/Data-Sets/Large-Data-Sets/DataSet-3--4-procs/f431.txt
Processing file: ./Data/Data-Sets/Data-Sets/Large-Data-Sets/DataSet-3--4-procs/f431.txt for client process 3
Verifying: ./Data/Data-Sets/Data-Sets/Large-Data-Sets/DataSet-3--4-procs/f432.txt
Processing file: ./Data/Data-Sets/Data-Sets/Large-Data-Sets/DataSet-3--4-procs/f432.txt for client process 2
Verifying: ./Data/Data-Sets/Data-Sets/Large-Data-Sets/DataSet-3--4-procs/f433.txt
Processing file: ./Data/Data-Sets/Data-Sets/Large-Data-Sets/DataSet-3--4-procs/f433.txt for client process 1
Verifying: ./Data/Data-Sets/Data-Sets/Large-Data-Sets/DataSet-3--4-procs/f434.txt
Processing file: ./Data/Data-Sets/Data-Sets/Large-Data-Sets/DataSet-3--4-procs/f434.txt for client process 1
Verifying: ./Data/Data-Sets/Data-Sets/Large-Data-Sets/DataSet-3--4-procs/f435.txt
Processing file: ./Data/Data-Sets/Data-Sets/Large-Data-Sets/DataSet-3--4-procs/f435.txt for client process 1
Verifying: ./Data/Data-Sets/Data-Sets/Large-Data-Sets/DataSet-3--4-procs/f436.txt
Processing file: ./Data/Data-Sets/Data-Sets/Large-Data-Sets/DataSet-3--4-procs/f436.txt for client process 2
Verifying: ./Data/Data-Sets/Data-Sets/Large-Data-Sets/DataSet-3--4-procs/f437.txt
Processing file: ./Data/Data-Sets/Data-Sets/Large-Data-Sets/DataSet-3--4-procs/f437.txt for client process 0
Verifying: ./Data/Data-Sets/Data-Sets/Large-Data-Sets/DataSet-3--4-procs/f438.txt
Processing file: ./Data/Data-Sets/Data-Sets/Large-Data-Sets/DataSet-3--4-procs/f438.txt for client process 0
Verifying: ./Data/Data-Sets/Data-Sets/Large-Data-Sets/DataSet-3--4-procs/f439.txt
Processing file: ./Data/Data-Sets/Data-Sets/Large-Data-Sets/DataSet-3--4-procs/f439.txt for client process 3
Verifying: ./Data/Data-Sets/Data-Sets/Large-Data-Sets/DataSet-3--4-procs/f44.txt
Processing file: ./Data/Data-Sets/Data-Sets/Large-Data-Sets/DataSet-3--4-procs/f44.txt for client process 1
