Client id 2 created.
Verifying data files for client 2
Verifying: ./Data/Data-Sets/Data-Sets/Large-Data-Sets/DataSet-3--4-procs/f440.txt
Processing file: ./Data/Data-Sets/Data-Sets/Large-Data-Sets/DataSet-3--4-procs/f440.txt for client process 3
Verifying: ./Data/Data-Sets/Data-Sets/Large-Data-Sets/DataSet-3--4-procs/f441.txt
Processing file: ./Data/Data-Sets/Data-Sets/Large-Data-Sets/DataSet-3--4-procs/f441.txt for client process 1
Verifying: ./Data/Data-Sets/Data-Sets/Large-Data-Sets/DataSet-3--4-procs/f442.txt
Processing file: ./Data/Data-Sets/Data-Sets/Large-Data-Sets/DataSet-3--4-procs/f442.txt for client process 2
Verifying: ./Data/Data-Sets/Data-Sets/Large-Data-Sets/DataSet-3--4-procs/f443.txt
Processing file: ./Data/Data-Sets/Data-Sets/Large-Data-Sets/DataSet-3--4-procs/f443.txt for client process 0
Verifying: ./Data/Data-Sets/Data-Sets/Large-Data-Sets/DataSet-3--4-procs/f444.txt
Processing file: ./Data/Data-Sets/Data-Sets/Large-Data-Sets/DataSet-3--4-procs/f444.txt for client process 1
Verifying: ./Data/Data-Sets/Data-Sets/Large-Data-Sets/DataSet-3--4-procs/f445.txt
Processing file: ./Data/Data-Sets/Data-Sets/Large-Data-Sets/DataSet-3--4-procs/f445.txt for client process 1
Verifying: ./Data/Data-Sets/Data-Sets/Large-Data-Sets/DataSet-3--4-procs/f446.txt
Processing file: ./Data/Data-Sets/Data-Sets/Large-Data-Sets/DataSet-3--4-procs/f446.txt for client process 2
Verifying: ./Data/Data-Sets/Data-Sets/Large-Data-Sets/DataSet-3--4-procs/f447.txt
Processing file: ./Data/Data-Sets/Data-Sets/Large-Data-Sets/DataSet-3--4-procs/f447.txt for client process 0
Verifying: ./Data/Data-Sets/Data-Sets/Large-Data-Sets/DataSet-3--4-procs/f448.txt
Processing file: ./Data/Data-Sets/Data-Sets/Large-Data-Sets/DataSet-3--4-procs/f448.txt for client process 2
Verifying: ./Data/Data-Sets/Data-Sets/Large-Data-Sets/DataSet-3--4-procs/f449.txt
Processing file: ./Data/Data-Sets/Data-Sets/Large-Data-Sets/DataSet-3--4-procs/f449.txt for client process 3
Verifying: ./Data/Data-Sets/Data-Sets/Large-Data-Sets/DataSet-3--4-procs/f45.txt
Processing file: ./Data/Data-Sets/Data-Sets/Large-Data-Sets/DataSet-3--4-procs/f45.txt for client process 3
Verifying: ./Data/Data-Sets/Data-Sets/Large-Data-Sets/DataSet-3--4-procs/f450.txt
Processing file: ./Data/Data-Sets/Data-Sets/Large-Data-Sets/DataSet-3--4-procs/f450.txt for client process 0
Verifying: ./Data/Data-Sets/Data-Sets/Large-Data-Sets/DataSet-3--4-procs/f451.txt
Processing file: ./Data/Data-Sets/Data-Sets/Large-Data-Sets/DataSet-3--4-procs/f451.txt for client process 2
Verifying: ./Data/Data-Sets/Data-Sets/Large-Data-Sets/DataSet-3--4-procs/f452.txt
Processing file: ./Data/Data-Sets/Data-Sets/Large-Data-Sets/DataSet-3--4-procs/f452.txt for client process 2
Verifying: ./Data/Data-Sets/Data-Sets/Large-Data-Sets/DataSet-3--4-procs/f453.txt
Processing file: ./Data/Data-Sets/Data-Sets/Large-Data-Sets/DataSet-3--4-procs/f453.txt for client process 2
Verifying: ./Data/Data-Sets/Data-Sets/Large-Data-Sets/DataSet-3--4-procs/f454.txt
Processing file: ./Data/Data-Sets/Data-Sets/Large-Data-Sets/DataSet-3--4-procs/f454.txt for client process 3
Verifying: ./Data/Data-Sets/Data-Sets/Large-Data-Sets/DataSet-3--4-procs/f455.txt
Processing file: ./Data/Data-Sets/Data-Sets/Large-Data-Sets/DataSet-3--4-procs/f455.txt for client process 2
Verifying: ./Data/Data-Sets/Data-Sets/Large-Data-Sets/DataSet-3--4-procs/f456.txt
Processing file: ./Data/Data-Sets/Data-Sets/Large-Data-Sets/DataSet-3--4-procs/f456.txt for client process 2
Verifying: ./Data/Data-Sets/Data-Sets/Large-Data-Sets/DataSet-3--4-procs/f457.txt
Processing file: ./Data/Data-Sets/Data-Sets/Large-Data-Sets/DataSet-3--4-procs/f457.txt for client process 3
Verifying: ./Data/Data-Sets/Data-Sets/Large-Data-Sets/DataSet-3--4-procs/f458.txt
Processing file: ./Data/Data-Sets/Data-Sets/Large-Data-Sets/DataSet-3--4-procs/f458.txt for client process 2
Verifying: ./Data/Data-Sets/Data-Sets/Large-Data-Sets/DataSet-3--4-procs/f459.txt
Processing file: ./Data/Data-Sets/Data-Sets/Large-Data-Sets/DataSet-3--4-procs/f459.txt for client process 3
Verifying: ./Data/Data-Sets/Data-Sets/Large-Data-Sets/DataSet-3--4-procs/f46.txt
Processing file: ./Data/Data-Sets/Data-Sets/Large-Data-Sets/DataSet-3--4-procs/f46.txt for client process 0
Verifying: ./Data/Data-Sets/Data-Sets/Large-Data-Sets/DataSet-3--4-procs/f460.txt
Processing file: ./Data/Data-Sets/Data-Sets/Large-Data-Sets/DataSet-3--4-procs/f460.txt for client process 3
Verifying: ./Data/Data-Sets/Data-Sets/Large-Data-Sets/DataSet-3--4-procs/f461.txt
Processing file: ./Data/Data-Sets/Data-Sets/Large-Data-Sets/DataSet-3--4-procs/f461.txt for client process 1
Verifying: ./Data/Data-Sets/Data-Sets/Large-Data-Sets/DataSet-3--4-procs/f462.txt
Processing file: ./Data/Data-Sets/Data-Sets/Large-Data-Sets/DataSet-3--4-procs/f462.txt for client process 3
Verifying: ./Data/Data-Sets/Data-Sets/Large-Data-Sets/DataSet-3--4-procs/f463.txt
Processing file: ./Data/Data-Sets/Data-Sets/Large-Data-Sets/DataSet-3--4-procs/f463.txt for client process 0
Verifying: ./Data/Data-Sets/Data-Sets/Large-Data-Sets/DataSet-3--4-procs/f464.txt
Processing file: ./Data/Data-Sets/Data-Sets/Large-Data-Sets/DataSet-3--4-procs/f464.txt for client process 3
Verifying: ./Data/Data-Sets/Data-Sets/Large-Data-Sets/DataSet-3--4-procs/f465.txt
Processing file: ./Data/Data-Sets/Data-Sets/Large-Data-Sets/DataSet-3--4-procs/f465.txt for client process 3
Verifying: ./Data/Data-Sets/Data-Sets/Large-Data-Sets/DataSet-3--4-procs/f466.txt
Processing file: ./Data/Data-Sets/Data-Sets/Large-Data-Sets/DataSet-3--4-procs/f466.txt for client process 3
Verifying: ./Data/Data-Sets/Data-Sets/Large-Data-Sets/DataSet-3--4-procs/f467.txt
Processing file: ./Data/Data-Sets/Data-Sets/Large-Data-Sets/DataSet-3--4-procs/f467.txt for client process 2
Verifying: ./Data/Data-Sets/Data-Sets/Large-Data-Sets/DataSet-3--4-procs/f468.txt
Processing file: ./Data/Data-Sets/Data-Sets/Large-Data-Sets/DataSet-3--4-procs/f468.txt for client process 3
Verifying: ./Data/Data-Sets/Data-Sets/Large-Data-Sets/DataSet-3--4-procs/f469.txt
Processing file: ./Data/Data-Sets/Data-Sets/Large-Data-Sets/DataSet-3--4-procs/f469.txt for client process 2
Verifying: ./Data/Data-Sets/Data-Sets/Large-Data-Sets/DataSet-3--4-procs/f47.txt
Processing file: ./Data/Data-Sets/Data-Sets/Large-Data-Sets/DataSet-3--4-procs/f47.txt for client process 0
Verifying: ./Data/Data-Sets/Data-Sets/Large-Data-Sets/DataSet-3--4-procs/f470.txt
Processing file: ./Data/Data-Sets/Data-Sets/Large-Data-Sets/DataSet-3--4-procs/f470.txt for client process 0
Verifying: ./Data/Data-Sets/Data-Sets/Large-Data-Sets/DataSet-3--4-procs/f471.txt
Processing file: ./Data/Data-Sets/Data-Sets/Large-Data-Sets/DataSet-3--4-procs/f471.txt for client process 1
Verifying: ./Data/Data-Sets/Data-Sets/Large-Data-Sets/DataSet-3--4-procs/f472.txt
Processing file: ./Data/Data-Sets/Data-Sets/Large-Data-Sets/DataSet-3--4-procs/f472.txt for client process 1
Verifying: ./Data/Data-Sets/Data-Sets/Large-Data-Sets/DataSet-3--4-procs/f473.txt
Processing file: ./Data/Data-Sets/Data-Sets/Large-Data-Sets/DataSet-3--4-procs/f473.txt for client process 2
Verifying: ./Data/Data-Sets/Data-Sets/Large-Data-Sets/DataSet-3--4-procs/f474.txt
Processing file: ./Data/Data-Sets/Data-Sets/Large-Data-Sets/DataSet-3--4-procs/f474.txt for client process 0
Verifying: ./Data/Data-Sets/Data-Sets/Large-Data-Sets/DataSet-3--4-procs/f475.txt
Processing file: ./Data/Data-Sets/Data-Sets/Large-Data-Sets/DataSet-3--4-procs/f475.txt for client process 3
Verifying: ./Data/Data-Sets/Data-Sets/Large-Data-Sets/DataSet-3--4-procs/f476.txt
Processing file: ./Data/Data-Sets/Data-Sets/Large-Data-Sets/DataSet-3--4-procs/f476.txt for client process 3
Verifying: ./Data/Data-Sets/Data-Sets/Large-Data-Sets/DataSet-3--4-procs/f477.txt
Processing file: ./Data/Data-Sets/Data-Sets/Large-Data-Sets/DataSet-3--4-procs/f477.txt for client process 3
Verifying: ./Data/Data-Sets/Data-Sets/Large-Data-Sets/DataSet-3--4-procs/f478.txt
Processing file: ./Data/Data-Sets/Data-Sets/Large-Data-Sets/DataSet-3--4-procs/f478.txt for client process 2
Verifying: ./Data/Data-Sets/Data-Sets/Large-Data-Sets/DataSet-3--4-procs/f479.txt
Processing file: ./Data/Data-Sets/Data-Sets/Large-Data-Sets/DataSet-3--4-procs/f479.txt for client process 2
Verifying: ./Data/Data-Sets/Data-Sets/Large-Data-Sets/DataSet-3--4-procs/f48.txt
Processing file: ./Data/Data-Sets/Data-Sets/Large-Data-Sets/DataSet-3--4-procs/f48.txt for client process 2
Verifying: ./Data/Data-Sets/Data-Sets/Large-Data-Sets/DataSet-3--4-procs/f480.txt
Processing file: ./Data/Data-Sets/Data-Sets/Large-Data-Sets/DataSet-3--4-procs/f480.txt for client process 1
Verifying: ./Data/Data-Sets/Data-Sets/Large-Data-Sets/DataSet-3--4-procs/f481.txt
Processing file: ./Data/Data-Sets/Data-Sets/Large-Data-Sets/DataSet-3--4-procs/f481.txt for client process 0
Verifying: ./Data/Data-Sets/Data-Sets/Large-Data-Sets/DataSet-3--4-procs/f482.txt
Processing file: ./Data/Data-Sets/Data-Sets/Large-Data-Sets/DataSet-3--4-procs/f482.txt for client process 3
Verifying: ./Data/Data-Sets/Data-Sets/Large-Data-Sets/DataSet-3--4-procs/f483.txt
Processing file: ./Data/Data-Sets/Data-Sets/Large-Data-Sets/DataSet-3--4-procs/f483.txt for client process 2
Verifying: ./Data/Data-Sets/Data-Sets/Large-Data-Sets/DataSet-3--4-procs/f484.txt
Processing file: ./Data/Data-Sets/Data-Sets/Large-Data-Sets/DataSet-3--4-procs/f484.txt for client process 2
Verifying: ./Data/Data-Sets/Data-Sets/Large-Data-Sets/DataSet-3--4-procs/f485.txt
Processing file: ./Data/Data-Sets/Data-Sets/Large-Data-Sets/DataSet-3--4-procs/f485.txt for client process 0
Verifying: ./Data/Data-Sets/Data-Sets/Large-Data-Sets/DataSet-3--4-procs/f486.txt
Processing file: ./Data/Data-Sets/Data-Sets/Large-Data-Sets/DataSet-3--4-procs/f486.txt for client process 3
Verifying: ./Data/Data-Sets/Data-Sets/Large-Data-Sets/DataSet-3--4-procs/f487.txt
Processing file: ./Data/Data-Sets/Data-Sets/Large-Data-Sets/DataSet-3--4-procs/f487.txt for client process 0
Verifying: ./Data/Data-Sets/Data-Sets/Large-Data-Sets/DataSet-3--4-procs/f488.txt
Processing file: ./Data/Data-Sets/Data-Sets/Large-Data-Sets/DataSet-3--4-procs/f488.txt for client process 3
Verifying: ./Data/Data-Sets/Data-Sets/Large-Data-Sets/DataSet-3--4-procs/f489.txt
Processing file: ./Data/Data-Sets/Data-Sets/Large-Data-Sets/DataSet-3--4-procs/f489.txt for client process 1
Verifying: ./Data/Data-Sets/Data-Sets/Large-Data-Sets/DataSet-3--4-procs/f49.txt
Processing file: ./Data/Data-Sets/Data-Sets/Large-Data-Sets/DataSet-3--4-procs/f49.txt for client process 3
Verifying: ./Data/Data-Sets/Data-Sets/Large-Data-Sets/DataSet-3--4-procs/f490.txt
Processing file: ./Data/Data-Sets/Data-Sets/Large-Data-Sets/DataSet-3--4-procs/f490.txt for client process 2
Verifying: ./Data/Data-Sets/Data-Sets/Large-Data-Sets/DataSet-3--4-procs/f491.txt
Processing file: ./Data/Data-Sets/Data-Sets/Large-Data-Sets/DataSet-3--4-procs/f491.txt for client process 2
Verifying: ./Data/Data-Sets/Data-Sets/Large-Data-Sets/DataSet-3--4-procs/f492.txt
Processing file: ./Data/Data-Sets/Data-Sets/Large-Data-Sets/DataSet-3--4-procs/f492.txt for client process 2
Verifying: ./Data/Data-Sets/Data-Sets/Large-Data-Sets/DataSet-3--4-procs/f493.txt
Processing file: ./Data/Data-Sets/Data-Sets/Large-Data-Sets/DataSet-3--4-procs/f493.txt for client process 3
Verifying: ./Data/Data-Sets/Data-Sets/Large-Data-Sets/DataSet-3--4-procs/f494.txt
Processing file: ./Data/Data-Sets/Data-Sets/Large-Data-Sets/DataSet-3--4-procs/f494.txt for client process 2
Verifying: ./Data/Data-Sets/Data-Sets/Large-Data-Sets/DataSet-3--4-procs/f495.txt
Processing file: ./Data/Data-Sets/Data-Sets/Large-Data-Sets/DataSet-3--4-procs/f495.txt for client process 3
Verifying: ./Data/Data-Sets/Data-Sets/Large-Data-Sets/DataSet-3--4-procs/f496.txt
Processing file: ./Data/Data-Sets/Data-Sets/Large-Data-Sets/DataSet-3--4-procs/f496.txt for client process 3
Verifying: ./Data/Data-Sets/Data-Sets/Large-Data-Sets/DataSet-3--4-procs/f497.txt
Processing file: ./Data/Data-Sets/Data-Sets/Large-Data-Sets/DataSet-3--4-procs/f497.txt for client process 2
Verifying: ./Data/Data-Sets/Data-Sets/Large-Data-Sets/DataSet-3--4-procs/f498.txt
Processing file: ./Data/Data-Sets/Data-Sets/Large-Data-Sets/DataSet-3--4-procs/f498.txt for client process 0
Verifying: ./Data/Data-Sets/Data-Sets/Large-Data-Sets/DataSet-3--4-procs/f499.txt
Processing file: ./Data/Data-Sets/Data-Sets/Large-Data-Sets/DataSet-3--4-procs/f499.txt for client process 1
Verifying: ./Data/Data-Sets/Data-Sets/Large-Data-Sets/DataSet-3--4-procs/f5.txt
Processing file: ./Data/Data-Sets/Data-Sets/Large-Data-Sets/DataSet-3--4-procs/f5.txt for client process 3
Verifying: ./Data/Data-Sets/Data-Sets/Large-Data-Sets/DataSet-3--4-procs/f50.txt
Processing file: ./Data/Data-Sets/Data-Sets/Large-Data-Sets/DataSet-3--4-procs/f50.txt for client process 2
Verifying: ./Data/Data-Sets/Data-Sets/Large-Data-Sets/DataSet-3--4-procs/f500.txt
Processing file: ./Data/Data-Sets/Data-Sets/Large-Data-Sets/DataSet-3--4-procs/f500.txt for client process 1
Verifying: ./Data/Data-Sets/Data-Sets/Large-Data-Sets/DataSet-3--4-procs/f501.txt
Processing file: ./Data/Data-Sets/Data-Sets/Large-Data-Sets/DataSet-3--4-procs/f501.txt for client process 0
Verifying: ./Data/Data-Sets/Data-Sets/Large-Data-Sets/DataSet-3--4-procs/f502.txt
Processing file: ./Data/Data-Sets/Data-Sets/Large-Data-Sets/DataSet-3--4-procs/f502.txt for client process 3
Verifying: ./Data/Data-Sets/Data-Sets/Large-Data-Sets/DataSet-3--4-procs/f503.txt
Processing file: ./Data/Data-Sets/Data-Sets/Large-Data-Sets/DataSet-3--4-procs/f503.txt for client process 0
Verifying: ./Data/Data-Sets/Data-Sets/Large-Data-Sets/DataSet-3--4-procs/f504.txt
Processing file: ./Data/Data-Sets/Data-Sets/Large-Data-Sets/DataSet-3--4-procs/f504.txt for client process 3
Verifying: ./Data/Data-Sets/Data-Sets/Large-Data-Sets/DataSet-3--4-procs/f505.txt
Processing file: ./Data/Data-Sets/Data-Sets/Large-Data-Sets/DataSet-3--4-procs/f505.txt for client process 0
Verifying: ./Data/Data-Sets/Data-Sets/Large-Data-Sets/DataSet-3--4-procs/f506.txt
Processing file: ./Data/Data-Sets/Data-Sets/Large-Data-Sets/DataSet-3--4-procs/f506.txt for client process 0
Verifying: ./Data/Data-Sets/Data-Sets/Large-Data-Sets/DataSet-3--4-procs/f507.txt
Processing file: ./Data/Data-Sets/Data-Sets/Large-Data-Sets/DataSet-3--4-procs/f507.txt for client process 0
Verifying: ./Data/Data-Sets/Data-Sets/Large-Data-Sets/DataSet-3--4-procs/f508.txt
Processing file: ./Data/Data-Sets/Data-Sets/Large-Data-Sets/DataSet-3--4-procs/f508.txt for client process 3
Verifying: ./Data/Data-Sets/Data-Sets/Large-Data-Sets/DataSet-3--4-procs/f509.txt
Processing file: ./Data/Data-Sets/Data-Sets/Large-Data-Sets/DataSet-3--4-procs/f509.txt for client process 3
Verifying: ./Data/Data-Sets/Data-Sets/Large-Data-Sets/DataSet-3--4-procs/f51.txt
Processing file: ./Data/Data-Sets/Data-Sets/Large-Data-Sets/DataSet-3--4-procs/f51.txt for client process 3
Verifying: ./Data/Data-Sets/Data-Sets/Large-Data-Sets/DataSet-3--4-procs/f510.txt
Processing file: ./Data/Data-Sets/Data-Sets/Large-Data-Sets/DataSet-3--4-procs/f510.txt for client process 1
Verifying: ./Data/Data-Sets/Data-Sets/Large-Data-Sets/DataSet-3--4-procs/f511.txt
Processing file: ./Data/Data-Sets/Data-Sets/Large-Data-Sets/DataSet-3--4-procs/f511.txt for client process 0
Verifying: ./Data/Data-Sets/Data-Sets/Large-Data-Sets/DataSet-3--4-procs/f512.txt
Processing file: ./Data/Data-Sets/Data-Sets/Large-Data-Sets/DataSet-3--4-procs/f512.txt for client process 1
Verifying: ./Data/Data-Sets/Data-Sets/Large-Data-Sets/DataSet-3--4-procs/f513.txt
Processing file: ./Data/Data-Sets/Data-Sets/Large-Data-Sets/DataSet-3--4-procs/f513.txt for client process 2
Verifying: ./Data/Data-Sets/Data-Sets/Large-Data-Sets/DataSet-3--4-procs/f514.txt
Processing file: ./Data/Data-Sets/Data-Sets/Large-Data-Sets/DataSet-3--4-procs/f514.txt for client process 0
Verifying: ./Data/Data-Sets/Data-Sets/Large-Data-Sets/DataSet-3--4-procs/f515.txt
Processing file: ./Data/Data-Sets/Data-Sets/Large-Data-Sets/DataSet-3--4-procs/f515.txt for client process 2
Verifying: ./Data/Data-Sets/Data-Sets/Large-Data-Sets/DataSet-3--4-procs/f516.txt
Processing file: ./Data/Data-Sets/Data-Sets/Large-Data-Sets/DataSet-3--4-procs/f516.txt for client process 0
Verifying: ./Data/Data-Sets/Data-Sets/Large-Data-Sets/DataSet-3--4-procs/f517.txt
Processing file: ./Data/Data-Sets/Data-Sets/Large-Data-Sets/DataSet-3--4-procs/f517.txt for client process 1
Verifying: ./Data/Data-Sets/Data-Sets/Large-Data-Sets/DataSet-3--4-procs/f518.txt
Processing file: ./Data/Data-Sets/Data-Sets/Large-Data-Sets/DataSet-3--4-procs/f518.txt for client process 2
Verifying: ./Data/Data-Sets/Data-Sets/Large-Data-Sets/DataSet-3--4-procs/f519.txt
Processing file: ./Data/Data-Sets/Data-Sets/Large-Data-Sets/DataSet-3--4-procs/f519.txt for client process 2
Verifying: ./Data/Data-Sets/Data-Sets/Large-Data-Sets/DataSet-3--4-procs/f52.txt
Processing file: ./Data/Data-Sets/Data-Sets/Large-Data-Sets/DataSet-3--4-procs/f52.txt for client process 1
Verifying: ./Data/Data-Sets/Data-Sets/Large-Data-Sets/DataSet-3--4-procs/f520.txt
Processing file: ./Data/Data-Sets/Data-Sets/Large-Data-Sets/DataSet-3--4-procs/f520.txt for client process 1
Verifying: ./Data/Data-Sets/Data-Sets/Large-Data-Sets/DataSet-3--4-procs/f521.txt
Processing file: ./Data/Data-Sets/Data-Sets/Large-Data-Sets/DataSet-3--4-procs/f521.txt for client process 3
Verifying: ./Data/Data-Sets/Data-Sets/Large-Data-Sets/DataSet-3--4-procs/f522.txt
Processing file: ./Data/Data-Sets/Data-Sets/Large-Data-Sets/DataSet-3--4-procs/f522.txt for client process 0
Verifying: ./Data/Data-Sets/Data-Sets/Large-Data-Sets/DataSet-3--4-procs/f523.txt
Processing file: ./Data/Data-Sets/Data-Sets/Large-Data-Sets/DataSet-3--4-procs/f523.txt for client process 2
Verifying: ./Data/Data-Sets/Data-Sets/Large-Data-Sets/DataSet-3--4-procs/f524.txt
Processing file: ./Data/Data-Sets/Data-Sets/Large-Data-Sets/DataSet-3--4-procs/f524.txt for client process 2
Verifying: ./Data/Data-Sets/Data-Sets/Large-Data-Sets/DataSet-3--4-procs/f525.txt
Processing file: ./Data/Data-Sets/Data-Sets/Large-Data-Sets/DataSet-3--4-procs/f525.txt for client process 1
Verifying: ./Data/Data-Sets/Data-Sets/Large-Data-Sets/DataSet-3--4-procs/f526.txt
Processing file: ./Data/Data-Sets/Data-Sets/Large-Data-Sets/DataSet-3--4-procs/f526.txt for client process 0
Verifying: ./Data/Data-Sets/Data-Sets/Large-Data-Sets/DataSet-3--4-procs/f527.txt
Processing file: ./Data/Data-Sets/Data-Sets/Large-Data-Sets/DataSet-3--4-procs/f527.txt for client process 3
Verifying: ./Data/Data-Sets/Data-Sets/Large-Data-Sets/DataSet-3--4-procs/f528.txt
Processing file: ./Data/Data-Sets/Data-Sets/Large-Data-Sets/DataSet-3--4-procs/f528.txt for client process 0
Verifying: ./Data/Data-Sets/Data-Sets/Large-Data-Sets/DataSet-3--4-procs/f529.txt
Processing file: ./Data/Data-Sets/Data-Sets/Large-Data-Sets/DataSet-3--4-procs/f529.txt for client process 0
Verifying: ./Data/Data-Sets/Data-Sets/Large-Data-Sets/DataSet-3--4-procs/f53.txt
Processing file: ./Data/Data-Sets/Data-Sets/Large-Data-Sets/DataSet-3--4-procs/f53.txt for client process 1
Verifying: ./Data/Data-Sets/Data-Sets/Large-Data-Sets/DataSet-3--4-procs/f530.txt
Processing file: ./Data/Data-Sets/Data-Sets/Large-Data-Sets/DataSet-3--4-procs/f530.txt for client process 0
Verifying: ./Data/Data-Sets/Data-Sets/Large-Data-Sets/DataSet-3--4-procs/f531.txt
Processing file: ./Data/Data-Sets/Data-Sets/Large-Data-Sets/DataSet-3--4-procs/f531.txt for client process 2
Verifying: ./Data/Data-Sets/Data-Sets/Large-Data-Sets/DataSet-3--4-procs/f532.txt
Processing file: ./Data/Data-Sets/Data-Sets/Large-Data-Sets/DataSet-3--4-procs/f532.txt for client process 0
Verifying: ./Data/Data-Sets/Data-Sets/Large-Data-Sets/DataSet-3--4-procs/f533.txt
Processing file: ./Data/Data-Sets/Data-Sets/Large-Data-Sets/DataSet-3--4-procs/f533.txt for client process 0
Verifying: ./Data/Data-Sets/Data-Sets/Large-Data-Sets/DataSet-3--4-procs/f534.txt
Processing file: ./Data/Data-Sets/Data-Sets/Large-Data-Sets/DataSet-3--4-procs/f534.txt for client process 2
Verifying: ./Data/Data-Sets/Data-Sets/Large-Data-Sets/DataSet-3--4-procs/f535.txt
Processing file: ./Data/Data-Sets/Data-Sets/Large-Data-Sets/DataSet-3--4-procs/f535.txt for client process 0
Verifying: ./Data/Data-Sets/Data-Sets/Large-Data-Sets/DataSet-3--4-procs/f536.txt
Processing file: ./Data/Data-Sets/Data-Sets/Large-Data-Sets/DataSet-3--4-procs/f536.txt for client process 1
Verifying: ./Data/Data-Sets/Data-Sets/Large-Data-Sets/DataSet-3--4-procs/f537.txt
Processing file: ./Data/Data-Sets/Data-Sets/Large-Data-Sets/DataSet-3--4-procs/f537.txt for client process 3
Verifying: ./Data/Data-Sets/Data-Sets/Large-Data-Sets/DataSet-3--4-procs/f538.txt
Processing file: ./Data/Data-Sets/Data-Sets/Large-Data-Sets/DataSet-3--4-procs/f538.txt for client process 2
Verifying: ./Data/Data-Sets/Data-Sets/Large-Data-Sets/DataSet-3--4-procs/f539.txt
Processing file: ./Data/Data-Sets/Data-Sets/Large-Data-Sets/DataSet-3--4-procs/f539.txt for client process 0
Verifying: ./Data/Data-Sets/Data-Sets/Large-Data-Sets/DataSet-3--4-procs/f54.txt
Processing file: ./Data/Data-Sets/Data-Sets/Large-Data-Sets/DataSet-3--4-procs/f54.txt for client process 2
Verifying: ./Data/Data-Sets/Data-Sets/Large-Data-Sets/DataSet-3--4-procs/f540.txt
Processing file: ./Data/Data-Sets/Data-Sets/Large-Data-Sets/DataSet-3--4-procs/f540.txt for client process 3
Verifying: ./Data/Data-Sets/Data-Sets/Large-Data-Sets/DataSet-3--4-procs/f541.txt
Processing file: ./Data/Data-Sets/Data-Sets/Large-Data-Sets/DataSet-3--4-procs/f541.txt for client process 0
Verifying: ./Data/Data-Sets/Data-Sets/Large-Data-Sets/DataSet-3--4-procs/f542.txt
Processing file: ./Data/Data-Sets/Data-Sets/Large-Data-Sets/DataSet-3--4-procs/f542.txt for client process 2
Verifying: ./Data/Data-Sets/Data-Sets/Large-Data-Sets/DataSet-3--4-procs/f543.txt
Processing file: ./Data/Data-Sets/Data-Sets/Large-Data-Sets/DataSet-3--4-procs/f543.txt for client process 1
Verifying: ./Data/Data-Sets/Data-Sets/Large-Data-Sets/DataSet-3--4-procs/f544.txt
Processing file: ./Data/Data-Sets/Data-Sets/Large-Data-Sets/DataSet-3--4-procs/f544.txt for client process 1
Verifying: ./Data/Data-Sets/Data-Sets/Large-Data-Sets/DataSet-3--4-procs/f545.txt
Processing file: ./Data/Data-Sets/Data-Sets/Large-Data-Sets/DataSet-3--4-procs/f545.txt for client process 0
Verifying: ./Data/Data-Sets/Data-Sets/Large-Data-Sets/DataSet-3--4-procs/f546.txt
Processing file: ./Data/Data-Sets/Data-Sets/Large-Data-Sets/DataSet-3--4-procs/f546.txt for client process 3
Verifying: ./Data/Data-Sets/Data-Sets/Large-Data-Sets/DataSet-3--4-procs/f547.txt
Processing file: ./Data/Data-Sets/Data-Sets/Large-Data-Sets/DataSet-3--4-procs/f547.txt for client process 2
Verifying: ./Data/Data-Sets/Data-Sets/Large-Data-Sets/DataSet-3--4-procs/f548.txt
Processing file: ./Data/Data-Sets/Data-Sets/Large-Data-Sets/DataSet-3--4-procs/f548.txt for client process 3
Verifying: ./Data/Data-Sets/Data-Sets/Large-Data-Sets/DataSet-3--4-procs/f549.txt
Processing file: ./Data/Data-Sets/Data-Sets/Large-Data-Sets/DataSet-3--4-procs/f549.txt for client process 2
Verifying: ./Data/Data-Sets/Data-Sets/Large-Data-Sets/DataSet-3--4-procs/f55.txt
Processing file: ./Data/Data-Sets/Data-Sets/Large-Data-Sets/DataSet-3--4-procs/f55.txt for client process 3
Verifying: ./Data/Data-Sets/Data-Sets/Large-Data-Sets/DataSet-3--4-procs/f550.txt
Processing file: ./Data/Data-Sets/Data-Sets/Large-Data-Sets/DataSet-3--4-procs/f550.txt for client process 1
Verifying: ./Data/Data-Sets/Data-Sets/Large-Data-Sets/DataSet-3--4-procs/f551.txt
Processing file: ./Data/Data-Sets/Data-Sets/Large-Data-Sets/DataSet-3--4-procs/f551.txt for client process 0
Verifying: ./Data/Data-Sets/Data-Sets/Large-Data-Sets/DataSet-3--4-procs/f552.txt
Processing file: ./Data/Data-Sets/Data-Sets/Large-Data-Sets/DataSet-3--4-procs/f552.txt for client process 0
Verifying: ./Data/Data-Sets/Data-Sets/Large-Data-Sets/DataSet-3--4-procs/f553.txt
Processing file: ./Data/Data-Sets/Data-Sets/Large-Data-Sets/DataSet-3--4-procs/f553.txt for client process 2
Verifying: ./Data/Data-Sets/Data-Sets/Large-Data-Sets/DataSet-3--4-procs/f554.txt
Processing file: ./Data/Data-Sets/Data-Sets/Large-Data-Sets/DataSet-3--4-procs/f554.txt for client process 2
Verifying: ./Data/Data-Sets/Data-Sets/Large-Data-Sets/DataSet-3--4-procs/f555.txt
Processing file: ./Data/Data-Sets/Data-Sets/Large-Data-Sets/DataSet-3--4-procs/f555.txt for client process 0
Verifying: ./Data/Data-Sets/Data-Sets/Large-Data-Sets/DataSet-3--4-procs/f556.txt
Processing file: ./Data/Data-Sets/Data-Sets/Large-Data-Sets/DataSet-3--4-procs/f556.txt for client process 3
Verifying: ./Data/Data-Sets/Data-Sets/Large-Data-Sets/DataSet-3--4-procs/f557.txt
Processing file: ./Data/Data-Sets/Data-Sets/Large-Data-Sets/DataSet-3--4-procs/f557.txt for client process 3
Verifying: ./Data/Data-Sets/Data-Sets/Large-Data-Sets/DataSet-3--4-procs/f558.txt
Processing file: ./Data/Data-Sets/Data-Sets/Large-Data-Sets/DataSet-3--4-procs/f558.txt for client process 1
Verifying: ./Data/Data-Sets/Data-Sets/Large-Data-Sets/DataSet-3--4-procs/f559.txt
Processing file: ./Data/Data-Sets/Data-Sets/Large-Data-Sets/DataSet-3--4-procs/f559.txt for client process 1
Verifying: ./Data/Data-Sets/Data-Sets/Large-Data-Sets/DataSet-3--4-procs/f56.txt
Processing file: ./Data/Data-Sets/Data-Sets/Large-Data-Sets/DataSet-3--4-procs/f56.txt for client process 2
Verifying: ./Data/Data-Sets/Data-Sets/Large-Data-Sets/DataSet-3--4-procs/f560.txt
Processing file: ./Data/Data-Sets/Data-Sets/Large-Data-Sets/DataSet-3--4-procs/f560.txt for client process 3
Verifying: ./Data/Data-Sets/Data-Sets/Large-Data-Sets/DataSet-3--4-procs/f561.txt
Processing file: ./Data/Data-Sets/Data-Sets/Large-Data-Sets/DataSet-3--4-procs/f561.txt for client process 3
Verifying: ./Data/Data-Sets/Data-Sets/Large-Data-Sets/DataSet-3--4-procs/f562.txt
Processing file: ./Data/Data-Sets/Data-Sets/Large-Data-Sets/DataSet-3--4-procs/f562.txt for client process 0
Verifying: ./Data/Data-Sets/Data-Sets/Large-Data-Sets/DataSet-3--4-procs/f563.txt
Processing file: ./Data/Data-Sets/Data-Sets/Large-Data-Sets/DataSet-3--4-procs/f563.txt for client process 2
Verifying: ./Data/Data-Sets/Data-Sets/Large-Data-Sets/DataSet-3--4-procs/f564.txt
Processing file: ./Data/Data-Sets/Data-Sets/Large-Data-Sets/DataSet-3--4-procs/f564.txt for client process 1
Verifying: ./Data/Data-Sets/Data-Sets/Large-Data-Sets/DataSet-3--4-procs/f565.txt
Processing file: ./Data/Data-Sets/Data-Sets/Large-Data-Sets/DataSet-3--4-procs/f565.txt for client process 0
Verifying: ./Data/Data-Sets/Data-Sets/Large-Data-Sets/DataSet-3--4-procs/f566.txt
Processing file: ./Data/Data-Sets/Data-Sets/Large-Data-Sets/DataSet-3--4-procs/f566.txt for client process 1
Verifying: ./Data/Data-Sets/Data-Sets/Large-Data-Sets/DataSet-3--4-procs/f567.txt
Processing file: ./Data/Data-Sets/Data-Sets/Large-Data-Sets/DataSet-3--4-procs/f567.txt for client process 2
Verifying: ./Data/Data-Sets/Data-Sets/Large-Data-Sets/DataSet-3--4-procs/f568.txt
Processing file: ./Data/Data-Sets/Data-Sets/Large-Data-Sets/DataSet-3--4-procs/f568.txt for client process 1
Verifying: ./Data/Data-Sets/Data-Sets/Large-Data-Sets/DataSet-3--4-procs/f569.txt
Processing file: ./Data/Data-Sets/Data-Sets/Large-Data-Sets/DataSet-3--4-procs/f569.txt for client process 3
Verifying: ./Data/Data-Sets/Data-Sets/Large-Data-Sets/DataSet-3--4-procs/f57.txt
Processing file: ./Data/Data-Sets/Data-Sets/Large-Data-Sets/DataSet-3--4-procs/f57.txt for client process 0
Verifying: ./Data/Data-Sets/Data-Sets/Large-Data-Sets/DataSet-3--4-procs/f570.txt
Processing file: ./Data/Data-Sets/Data-Sets/Large-Data-Sets/DataSet-3--4-procs/f570.txt for client process 0
Verifying: ./Data/Data-Sets/Data-Sets/Large-Data-Sets/DataSet-3--4-procs/f571.txt
Processing file: ./Data/Data-Sets/Data-Sets/Large-Data-Sets/DataSet-3--4-procs/f571.txt for client process 3
Verifying: ./Data/Data-Sets/Data-Sets/Large-Data-Sets/DataSet-3--4-procs/f572.txt
Processing file: ./Data/Data-Sets/Data-Sets/Large-Data-Sets/DataSet-3--4-procs/f572.txt for client process 1
Verifying: ./Data/Data-Sets/Data-Sets/Large-Data-Sets/DataSet-3--4-procs/f573.txt
Processing file: ./Data/Data-Sets/Data-Sets/Large-Data-Sets/DataSet-3--4-procs/f573.txt for client process 1
Verifying: ./Data/Data-Sets/Data-Sets/Large-Data-Sets/DataSet-3--4-procs/f574.txt
Processing file: ./Data/Data-Sets/Data-Sets/Large-Data-Sets/DataSet-3--4-procs/f574.txt for client process 2
Verifying: ./Data/Data-Sets/Data-Sets/Large-Data-Sets/DataSet-3--4-procs/f575.txt
Processing file: ./Data/Data-Sets/Data-Sets/Large-Data-Sets/DataSet-3--4-procs/f575.txt for client process 0
Verifying: ./Data/Data-Sets/Data-Sets/Large-Data-Sets/DataSet-3--4-procs/f576.txt
Processing file: ./Data/Data-Sets/Data-Sets/Large-Data-Sets/DataSet-3--4-procs/f576.txt for client process 2
Verifying: ./Data/Data-Sets/Data-Sets/Large-Data-Sets/DataSet-3--4-procs/f577.txt
Processing file: ./Data/Data-Sets/Data-Sets/Large-Data-Sets/DataSet-3--4-procs/f577.txt for client process 0
Verifying: ./Data/Data-Sets/Data-Sets/Large-Data-Sets/DataSet-3--4-procs/f578.txt
Processing file: ./Data/Data-Sets/Data-Sets/Large-Data-Sets/DataSet-3--4-procs/f578.txt for client process 0
Verifying: ./Data/Data-Sets/Data-Sets/Large-Data-Sets/DataSet-3--4-procs/f579.txt
Processing file: ./Data/Data-Sets/Data-Sets/Large-Data-Sets/DataSet-3--4-procs/f579.txt for client process 0
Verifying: ./Data/Data-Sets/Data-Sets/Large-Data-Sets/DataSet-3--4-procs/f58.txt
Processing file: ./Data/Data-Sets/Data-Sets/Large-Data-Sets/DataSet-3--4-procs/f58.txt for client process 2
Verifying: ./Data/Data-Sets/Data-Sets/Large-Data-Sets/DataSet-3--4-procs/f580.txt
Processing file: ./Data/Data-Sets/Data-Sets/Large-Data-Sets/DataSet-3--4-procs/f580.txt for client process 1
Verifying: ./Data/Data-Sets/Data-Sets/Large-Data-Sets/DataSet-3--4-procs/f581.txt
Processing file: ./Data/Data-Sets/Data-Sets/Large-Data-Sets/DataSet-3--4-procs/f581.txt for client process 2
Verifying: ./Data/Data-Sets/Data-Sets/Large-Data-Sets/DataSet-3--4-procs/f582.txt
Processing file: ./Data/Data-Sets/Data-Sets/Large-Data-Sets/DataSet-3--4-procs/f582.txt for client process 3
Verifying: ./Data/Data-Sets/Data-Sets/Large-Data-Sets/DataSet-3--4-procs/f583.txt
Processing file: ./Data/Data-Sets/Data-Sets/Large-Data-Sets/DataSet-3--4-procs/f583.txt for client process 2
Verifying: ./Data/Data-Sets/Data-Sets/Large-Data-Sets/DataSet-3--4-procs/f584.txt
Processing file: ./Data/Data-Sets/Data-Sets/Large-Data-Sets/DataSet-3--4-procs/f584.txt for client process 0
Verifying: ./Data/Data-Sets/Data-Sets/Large-Data-Sets/DataSet-3--4-procs/f585.txt
Processing file: ./Data/Data-Sets/Data-Sets/Large-Data-Sets/DataSet-3--4-procs/f585.txt for client process 3
Verifying: ./Data/Data-Sets/Data-Sets/Large-Data-Sets/DataSet-3--4-procs/f586.txt
Processing file: ./Data/Data-Sets/Data-Sets/Large-Data-Sets/DataSet-3--4-procs/f586.txt for client process 2
Verifying: ./Data/Data-Sets/Data-Sets/Large-Data-Sets/DataSet-3--4-procs/f587.txt
Processing file: ./Data/Data-Sets/Data-Sets/Large-Data-Sets/DataSet-3--4-procs/f587.txt for client process 3
Verifying: ./Data/Data-Sets/Data-Sets/Large-Data-Sets/DataSet-3--4-procs/f588.txt
Processing file: ./Data/Data-Sets/Data-Sets/Large-Data-Sets/DataSet-3--4-procs/f588.txt for client process 1
Verifying: ./Data/Data-Sets/Data-Sets/Large-Data-Sets/DataSet-3--4-procs/f589.txt
Processing file: ./Data/Data-Sets/Data-Sets/Large-Data-Sets/DataSet-3--4-procs/f589.txt for client process 1
Verifying: ./Data/Data-Sets/Data-Sets/Large-Data-Sets/DataSet-3--4-procs/f59.txt
Processing file: ./Data/Data-Sets/Data-Sets/Large-Data-Sets/DataSet-3--4-procs/f59.txt for client process 0
Verifying: ./Data/Data-Sets/Data-Sets/Large-Data-Sets/DataSet-3--4-procs/f590.txt
Processing file: ./Data/Data-Sets/Data-Sets/Large-Data-Sets/DataSet-3--4-procs/f590.txt for client process 2
Verifying: ./Data/Data-Sets/Data-Sets/Large-Data-Sets/DataSet-3--4-procs/f591.txt
Processing file: ./Data/Data-Sets/Data-Sets/Large-Data-Sets/DataSet-3--4-procs/f591.txt for client process 1
Verifying: ./Data/Data-Sets/Data-Sets/Large-Data-Sets/DataSet-3--4-procs/f592.txt
Processing file: ./Data/Data-Sets/Data-Sets/Large-Data-Sets/DataSet-3--4-procs/f592.txt for client process 0
Verifying: ./Data/Data-Sets/Data-Sets/Large-Data-Sets/DataSet-3--4-procs/f593.txt
Processing file: ./Data/Data-Sets/Data-Sets/Large-Data-Sets/DataSet-3--4-procs/f593.txt for client process 2
Verifying: ./Data/Data-Sets/Data-Sets/Large-Data-Sets/DataSet-3--4-procs/f594.txt
Processing file: ./Data/Data-Sets/Data-Sets/Large-Data-Sets/DataSet-3--4-procs/f594.txt for client process 1
Verifying: ./Data/Data-Sets/Data-Sets/Large-Data-Sets/DataSet-3--4-procs/f595.txt
Processing file: ./Data/Data-Sets/Data-Sets/Large-Data-Sets/DataSet-3--4-procs/f595.txt for client process 0
Verifying: ./Data/Data-Sets/Data-Sets/Large-Data-Sets/DataSet-3--4-procs/f596.txt
Processing file: ./Data/Data-Sets/Data-Sets/Large-Data-Sets/DataSet-3--4-procs/f596.txt for client process 0
Verifying: ./Data/Data-Sets/Data-Sets/Large-Data-Sets/DataSet-3--4-procs/f597.txt
Processing file: ./Data/Data-Sets/Data-Sets/Large-Data-Sets/DataSet-3--4-procs/f597.txt for client process 3
Verifying: ./Data/Data-Sets/Data-Sets/Large-Data-Sets/DataSet-3--4-procs/f598.txt
Processing file: ./Data/Data-Sets/Data-Sets/Large-Data-Sets/DataSet-3--4-procs/f598.txt for client process 0
Verifying: ./Data/Data-Sets/Data-Sets/Large-Data-Sets/DataSet-3--4-procs/f599.txt
Processing file: ./Data/Data-Sets/Data-Sets/Large-Data-Sets/DataSet-3--4-procs/f599.txt for client process 3
Verifying: ./Data/Data-Sets/Data-Sets/Large-Data-Sets/DataSet-3--4-procs/f6.txt
Processing file: ./Data/Data-Sets/Data-Sets/Large-Data-Sets/DataSet-3--4-procs/f6.txt for client process 3
Verifying: ./Data/Data-Sets/Data-Sets/Large-Data-Sets/DataSet-3--4-procs/f60.txt
Processing file: ./Data/Data-Sets/Data-Sets/Large-Data-Sets/DataSet-3--4-procs/f60.txt for client process 3
Verifying: ./Data/Data-Sets/Data-Sets/Large-Data-Sets/DataSet-3--4-procs/f600.txt
Processing file: ./Data/Data-Sets/Data-Sets/Large-Data-Sets/DataSet-3--4-procs/f600.txt for client process 2
Verifying: ./Data/Data-Sets/Data-Sets/Large-Data-Sets/DataSet-3--4-procs/f601.txt
Processing file: ./Data/Data-Sets/Data-Sets/Large-Data-Sets/DataSet-3--4-procs/f601.txt for client process 1
Verifying: ./Data/Data-Sets/Data-Sets/Large-Data-Sets/DataSet-3--4-procs/f602.txt
Processing file: ./Data/Data-Sets/Data-Sets/Large-Data-Sets/DataSet-3--4-procs/f602.txt for client process 1
Verifying: ./Data/Data-Sets/Data-Sets/Large-Data-Sets/DataSet-3--4-procs/f603.txt
Processing file: ./Data/Data-Sets/Data-Sets/Large-Data-Sets/DataSet-3--4-procs/f603.txt for client process 3
Verifying: ./Data/Data-Sets/Data-Sets/Large-Data-Sets/DataSet-3--4-procs/f604.txt
Processing file: ./Data/Data-Sets/Data-Sets/Large-Data-Sets/DataSet-3--4-procs/f604.txt for client process 1
Verifying: ./Data/Data-Sets/Data-Sets/Large-Data-Sets/DataSet-3--4-procs/f605.txt
Processing file: ./Data/Data-Sets/Data-Sets/Large-Data-Sets/DataSet-3--4-procs/f605.txt for client process 0
Verifying: ./Data/Data-Sets/Data-Sets/Large-Data-Sets/DataSet-3--4-procs/f606.txt
Processing file: ./Data/Data-Sets/Data-Sets/Large-Data-Sets/DataSet-3--4-procs/f606.txt for client process 3
Verifying: ./Data/Data-Sets/Data-Sets/Large-Data-Sets/DataSet-3--4-procs/f607.txt
Processing file: ./Data/Data-Sets/Data-Sets/Large-Data-Sets/DataSet-3--4-procs/f607.txt for client process 1
Verifying: ./Data/Data-Sets/Data-Sets/Large-Data-Sets/DataSet-3--4-procs/f608.txt
Processing file: ./Data/Data-Sets/Data-Sets/Large-Data-Sets/DataSet-3--4-procs/f608.txt for client process 0
Verifying: ./Data/Data-Sets/Data-Sets/Large-Data-Sets/DataSet-3--4-procs/f609.txt
Processing file: ./Data/Data-Sets/Data-Sets/Large-Data-Sets/DataSet-3--4-procs/f609.txt for client process 1
Verifying: ./Data/Data-Sets/Data-Sets/Large-Data-Sets/DataSet-3--4-procs/f61.txt
Processing file: ./Data/Data-Sets/Data-Sets/Large-Data-Sets/DataSet-3--4-procs/f61.txt for client process 3
Verifying: ./Data/Data-Sets/Data-Sets/Large-Data-Sets/DataSet-3--4-procs/f610.txt
Processing file: ./Data/Data-Sets/Data-Sets/Large-Data-Sets/DataSet-3--4-procs/f610.txt for client process 2
Verifying: ./Data/Data-Sets/Data-Sets/Large-Data-Sets/DataSet-3--4-procs/f611.txt
Processing file: ./Data/Data-Sets/Data-Sets/Large-Data-Sets/DataSet-3--4-procs/f611.txt for client process 3
Verifying: ./Data/Data-Sets/Data-Sets/Large-Data-Sets/DataSet-3--4-procs/f612.txt
Processing file: ./Data/Data-Sets/Data-Sets/Large-Data-Sets/DataSet-3--4-procs/f612.txt for client process 3
Verifying: ./Data/Data-Sets/Data-Sets/Large-Data-Sets/DataSet-3--4-procs/f613.txt
Processing file: ./Data/Data-Sets/Data-Sets/Large-Data-Sets/DataSet-3--4-procs/f613.txt for client process 2
Verifying: ./Data/Data-Sets/Data-Sets/Large-Data-Sets/DataSet-3--4-procs/f614.txt
Processing file: ./Data/Data-Sets/Data-Sets/Large-Data-Sets/DataSet-3--4-procs/f614.txt for client process 1
Verifying: ./Data/Data-Sets/Data-Sets/Large-Data-Sets/DataSet-3--4-procs/f615.txt
Processing file: ./Data/Data-Sets/Data-Sets/Large-Data-Sets/DataSet-3--4-procs/f615.txt for client process 2
Verifying: ./Data/Data-Sets/Data-Sets/Large-Data-Sets/DataSet-3--4-procs/f616.txt
Processing file: ./Data/Data-Sets/Data-Sets/Large-Data-Sets/DataSet-3--4-procs/f616.txt for client process 1
Verifying: ./Data/Data-Sets/Data-Sets/Large-Data-Sets/DataSet-3--4-procs/f617.txt
Processing file: ./Data/Data-Sets/Data-Sets/Large-Data-Sets/DataSet-3--4-procs/f617.txt for client process 2
Verifying: ./Data/Data-Sets/Data-Sets/Large-Data-Sets/DataSet-3--4-procs/f618.txt
Processing file: ./Data/Data-Sets/Data-Sets/Large-Data-Sets/DataSet-3--4-procs/f618.txt for client process 3
Verifying: ./Data/Data-Sets/Data-Sets/Large-Data-Sets/DataSet-3--4-procs/f619.txt
Processing file: ./Data/Data-Sets/Data-Sets/Large-Data-Sets/DataSet-3--4-procs/f619.txt for client process 1
Verifying: ./Data/Data-Sets/Data-Sets/Large-Data-Sets/DataSet-3--4-procs/f62.txt
Processing file: ./Data/Data-Sets/Data-Sets/Large-Data-Sets/DataSet-3--4-procs/f62.txt for client process 1
Verifying: ./Data/Data-Sets/Data-Sets/Large-Data-Sets/DataSet-3--4-procs/f620.txt
Processing file: ./Data/Data-Sets/Data-Sets/Large-Data-Sets/DataSet-3--4-procs/f620.txt for client process 1
Verifying: ./Data/Data-Sets/Data-Sets/Large-Data-Sets/DataSet-3--4-procs/f621.txt
Processing file: ./Data/Data-Sets/Data-Sets/Large-Data-Sets/DataSet-3--4-procs/f621.txt for client process 3
Verifying: ./Data/Data-Sets/Data-Sets/Large-Data-Sets/DataSet-3--4-procs/f622.txt
Processing file: ./Data/Data-Sets/Data-Sets/Large-Data-Sets/DataSet-3--4-procs/f622.txt for client process 2
Verifying: ./Data/Data-Sets/Data-Sets/Large-Data-Sets/DataSet-3--4-procs/f623.txt
Processing file: ./Data/Data-Sets/Data-Sets/Large-Data-Sets/DataSet-3--4-procs/f623.txt for client process 3
Verifying: ./Data/Data-Sets/Data-Sets/Large-Data-Sets/DataSet-3--4-procs/f624.txt
Processing file: ./Data/Data-Sets/Data-Sets/Large-Data-Sets/DataSet-3--4-procs/f624.txt for client process 3
Verifying: ./Data/Data-Sets/Data-Sets/Large-Data-Sets/DataSet-3--4-procs/f625.txt
Processing file: ./Data/Data-Sets/Data-Sets/Large-Data-Sets/DataSet-3--4-procs/f625.txt for client process 3
Verifying: ./Data/Data-Sets/Data-Sets/Large-Data-Sets/DataSet-3--4-procs/f626.txt
Processing file: ./Data/Data-Sets/Data-Sets/Large-Data-Sets/DataSet-3--4-procs/f626.txt for client process 0
Verifying: ./Data/Data-Sets/Data-Sets/Large-Data-Sets/DataSet-3--4-procs/f627.txt
Processing file: ./Data/Data-Sets/Data-Sets/Large-Data-Sets/DataSet-3--4-procs/f627.txt for client process 2
Verifying: ./Data/Data-Sets/Data-Sets/Large-Data-Sets/DataSet-3--4-procs/f628.txt
Processing file: ./Data/Data-Sets/Data-Sets/Large-Data-Sets/DataSet-3--4-procs/f628.txt for client process 0
Verifying: ./Data/Data-Sets/Data-Sets/Large-Data-Sets/DataSet-3--4-procs/f629.txt
Processing file: ./Data/Data-Sets/Data-Sets/Large-Data-Sets/DataSet-3--4-procs/f629.txt for client process 3
Verifying: ./Data/Data-Sets/Data-Sets/Large-Data-Sets/DataSet-3--4-procs/f63.txt
Processing file: ./Data/Data-Sets/Data-Sets/Large-Data-Sets/DataSet-3--4-procs/f63.txt for client process 1
Verifying: ./Data/Data-Sets/Data-Sets/Large-Data-Sets/DataSet-3--4-procs/f630.txt
Processing file: ./Data/Data-Sets/Data-Sets/Large-Data-Sets/DataSet-3--4-procs/f630.txt for client process 2
Verifying: ./Data/Data-Sets/Data-Sets/Large-Data-Sets/DataSet-3--4-procs/f631.txt
Processing file: ./Data/Data-Sets/Data-Sets/Large-Data-Sets/DataSet-3--4-procs/f631.txt for client process 0
Verifying: ./Data/Data-Sets/Data-Sets/Large-Data-Sets/DataSet-3--4-procs/f632.txt
Processing file: ./Data/Data-Sets/Data-Sets/Large-Data-Sets/DataSet-3--4-procs/f632.txt for client process 2
Verifying: ./Data/Data-Sets/Data-Sets/Large-Data-Sets/DataSet-3--4-procs/f633.txt
Processing file: ./Data/Data-Sets/Data-Sets/Large-Data-Sets/DataSet-3--4-procs/f633.txt for client process 1
Verifying: ./Data/Data-Sets/Data-Sets/Large-Data-Sets/DataSet-3--4-procs/f634.txt
Processing file: ./Data/Data-Sets/Data-Sets/Large-Data-Sets/DataSet-3--4-procs/f634.txt for client process 0
Verifying: ./Data/Data-Sets/Data-Sets/Large-Data-Sets/DataSet-3--4-procs/f635.txt
Processing file: ./Data/Data-Sets/Data-Sets/Large-Data-Sets/DataSet-3--4-procs/f635.txt for client process 0
Verifying: ./Data/Data-Sets/Data-Sets/Large-Data-Sets/DataSet-3--4-procs/f636.txt
Processing file: ./Data/Data-Sets/Data-Sets/Large-Data-Sets/DataSet-3--4-procs/f636.txt for client process 0
Verifying: ./Data/Data-Sets/Data-Sets/Large-Data-Sets/DataSet-3--4-procs/f637.txt
Processing file: ./Data/Data-Sets/Data-Sets/Large-Data-Sets/DataSet-3--4-procs/f637.txt for client process 3
Verifying: ./Data/Data-Sets/Data-Sets/Large-Data-Sets/DataSet-3--4-procs/f638.txt
Processing file: ./Data/Data-Sets/Data-Sets/Large-Data-Sets/DataSet-3--4-procs/f638.txt for client process 1
Verifying: ./Data/Data-Sets/Data-Sets/Large-Data-Sets/DataSet-3--4-procs/f639.txt
Processing file: ./Data/Data-Sets/Data-Sets/Large-Data-Sets/DataSet-3--4-procs/f639.txt for client process 3
Verifying: ./Data/Data-Sets/Data-Sets/Large-Data-Sets/DataSet-3--4-procs/f64.txt
Processing file: ./Data/Data-Sets/Data-Sets/Large-Data-Sets/DataSet-3--4-procs/f64.txt for client process 3
Verifying: ./Data/Data-Sets/Data-Sets/Large-Data-Sets/DataSet-3--4-procs/f640.txt
Processing file: ./Data/Data-Sets/Data-Sets/Large-Data-Sets/DataSet-3--4-procs/f640.txt for client process 1
Verifying: ./Data/Data-Sets/Data-Sets/Large-Data-Sets/DataSet-3--4-procs/f641.txt
Processing file: ./Data/Data-Sets/Data-Sets/Large-Data-Sets/DataSet-3--4-procs/f641.txt for client process 1
Verifying: ./Data/Data-Sets/Data-Sets/Large-Data-Sets/DataSet-3--4-procs/f642.txt
Processing file: ./Data/Data-Sets/Data-Sets/Large-Data-Sets/DataSet-3--4-procs/f642.txt for client process 1
Verifying: ./Data/Data-Sets/Data-Sets/Large-Data-Sets/DataSet-3--4-procs/f643.txt
Processing file: ./Data/Data-Sets/Data-Sets/Large-Data-Sets/DataSet-3--4-procs/f643.txt for client process 1
Verifying: ./Data/Data-Sets/Data-Sets/Large-Data-Sets/DataSet-3--4-procs/f644.txt
Processing file: ./Data/Data-Sets/Data-Sets/Large-Data-Sets/DataSet-3--4-procs/f644.txt for client process 0
Verifying: ./Data/Data-Sets/Data-Sets/Large-Data-Sets/DataSet-3--4-procs/f645.txt
Processing file: ./Data/Data-Sets/Data-Sets/Large-Data-Sets/DataSet-3--4-procs/f645.txt for client process 3
Verifying: ./Data/Data-Sets/Data-Sets/Large-Data-Sets/DataSet-3--4-procs/f646.txt
Processing file: ./Data/Data-Sets/Data-Sets/Large-Data-Sets/DataSet-3--4-procs/f646.txt for client process 0
Verifying: ./Data/Data-Sets/Data-Sets/Large-Data-Sets/DataSet-3--4-procs/f647.txt
Processing file: ./Data/Data-Sets/Data-Sets/Large-Data-Sets/DataSet-3--4-procs/f647.txt for client process 2
Verifying: ./Data/Data-Sets/Data-Sets/Large-Data-Sets/DataSet-3--4-procs/f648.txt
Processing file: ./Data/Data-Sets/Data-Sets/Large-Data-Sets/DataSet-3--4-procs/f648.txt for client process 2
Verifying: ./Data/Data-Sets/Data-Sets/Large-Data-Sets/DataSet-3--4-procs/f649.txt
Processing file: ./Data/Data-Sets/Data-Sets/Large-Data-Sets/DataSet-3--4-procs/f649.txt for client process 0
Verifying: ./Data/Data-Sets/Data-Sets/Large-Data-Sets/DataSet-3--4-procs/f65.txt
Processing file: ./Data/Data-Sets/Data-Sets/Large-Data-Sets/DataSet-3--4-procs/f65.txt for client process 0
Verifying: ./Data/Data-Sets/Data-Sets/Large-Data-Sets/DataSet-3--4-procs/f650.txt
Processing file: ./Data/Data-Sets/Data-Sets/Large-Data-Sets/DataSet-3--4-procs/f650.txt for client process 0
Verifying: ./Data/Data-Sets/Data-Sets/Large-Data-Sets/DataSet-3--4-procs/f651.txt
Processing file: ./Data/Data-Sets/Data-Sets/Large-Data-Sets/DataSet-3--4-procs/f651.txt for client process 3
Verifying: ./Data/Data-Sets/Data-Sets/Large-Data-Sets/DataSet-3--4-procs/f652.txt
Processing file: ./Data/Data-Sets/Data-Sets/Large-Data-Sets/DataSet-3--4-procs/f652.txt for client process 2
Verifying: ./Data/Data-Sets/Data-Sets/Large-Data-Sets/DataSet-3--4-procs/f653.txt
Processing file: ./Data/Data-Sets/Data-Sets/Large-Data-Sets/DataSet-3--4-procs/f653.txt for client process 2
Verifying: ./Data/Data-Sets/Data-Sets/Large-Data-Sets/DataSet-3--4-procs/f654.txt
Processing file: ./Data/Data-Sets/Data-Sets/Large-Data-Sets/DataSet-3--4-procs/f654.txt for client process 3
Verifying: ./Data/Data-Sets/Data-Sets/Large-Data-Sets/DataSet-3--4-procs/f655.txt
Processing file: ./Data/Data-Sets/Data-Sets/Large-Data-Sets/DataSet-3--4-procs/f655.txt for client process 3
Verifying: ./Data/Data-Sets/Data-Sets/Large-Data-Sets/DataSet-3--4-procs/f656.txt
Processing file: ./Data/Data-Sets/Data-Sets/Large-Data-Sets/DataSet-3--4-procs/f656.txt for client process 3
Verifying: ./Data/Data-Sets/Data-Sets/Large-Data-Sets/DataSet-3--4-procs/f657.txt
Processing file: ./Data/Data-Sets/Data-Sets/Large-Data-Sets/DataSet-3--4-procs/f657.txt for client process 3
Verifying: ./Data/Data-Sets/Data-Sets/Large-Data-Sets/DataSet-3--4-procs/f658.txt
Processing file: ./Data/Data-Sets/Data-Sets/Large-Data-Sets/DataSet-3--4-procs/f658.txt for client process 0
Verifying: ./Data/Data-Sets/Data-Sets/Large-Data-Sets/DataSet-3--4-procs/f659.txt
Processing file: ./Data/Data-Sets/Data-Sets/Large-Data-Sets/DataSet-3--4-procs/f659.txt for client process 2
Verifying: ./Data/Data-Sets/Data-Sets/Large-Data-Sets/DataSet-3--4-procs/f66.txt
Processing file: ./Data/Data-Sets/Data-Sets/Large-Data-Sets/DataSet-3--4-procs/f66.txt for client process 1
Verifying: ./Data/Data-Sets/Data-Sets/Large-Data-Sets/DataSet-3--4-procs/f660.txt
Processing file: ./Data/Data-Sets/Data-Sets/Large-Data-Sets/DataSet-3--4-procs/f660.txt for client process 0
Verifying: ./Data/Data-Sets/Data-Sets/Large-Data-Sets/DataSet-3--4-procs/f661.txt
Processing file: ./Data/Data-Sets/Data-Sets/Large-Data-Sets/DataSet-3--4-procs/f661.txt for client process 0
Verifying: ./Data/Data-Sets/Data-Sets/Large-Data-Sets/DataSet-3--4-procs/f662.txt
Processing file: ./Data/Data-Sets/Data-Sets/Large-Data-Sets/DataSet-3--4-procs/f662.txt for client process 3
Verifying: ./Data/Data-Sets/Data-Sets/Large-Data-Sets/DataSet-3--4-procs/f663.txt
Processing file: ./Data/Data-Sets/Data-Sets/Large-Data-Sets/DataSet-3--4-procs/f663.txt for client process 0
Verifying: ./Data/Data-Sets/Data-Sets/Large-Data-Sets/DataSet-3--4-procs/f664.txt
Processing file: ./Data/Data-Sets/Data-Sets/Large-Data-Sets/DataSet-3--4-procs/f664.txt for client process 1
Verifying: ./Data/Data-Sets/Data-Sets/Large-Data-Sets/DataSet-3--4-procs/f665.txt
Processing file: ./Data/Data-Sets/Data-Sets/Large-Data-Sets/DataSet-3--4-procs/f665.txt for client process 3
Verifying: ./Data/Data-Sets/Data-Sets/Large-Data-Sets/DataSet-3--4-procs/f666.txt
Processing file: ./Data/Data-Sets/Data-Sets/Large-Data-Sets/DataSet-3--4-procs/f666.txt for client process 0
Verifying: ./Data/Data-Sets/Data-Sets/Large-Data-Sets/DataSet-3--4-procs/f667.txt
Processing file: ./Data/Data-Sets/Data-Sets/Large-Data-Sets/DataSet-3--4-procs/f667.txt for client process 0
Verifying: ./Data/Data-Sets/Data-Sets/Large-Data-Sets/DataSet-3--4-procs/f668.txt
Processing file: ./Data/Data-Sets/Data-Sets/Large-Data-Sets/DataSet-3--4-procs/f668.txt for client process 2
Verifying: ./Data/Data-Sets/Data-Sets/Large-Data-Sets/DataSet-3--4-procs/f669.txt
Processing file: ./Data/Data-Sets/Data-Sets/Large-Data-Sets/DataSet-3--4-procs/f669.txt for client process 3
Verifying: ./Data/Data-Sets/Data-Sets/Large-Data-Sets/DataSet-3--4-procs/f67.txt
Processing file: ./Data/Data-Sets/Data-Sets/Large-Data-Sets/DataSet-3--4-procs/f67.txt for client process 2
Verifying: ./Data/Data-Sets/Data-Sets/Large-Data-Sets/DataSet-3--4-procs/f670.txt
Processing file: ./Data/Data-Sets/Data-Sets/Large-Data-Sets/DataSet-3--4-procs/f670.txt for client process 3
Verifying: ./Data/Data-Sets/Data-Sets/Large-Data-Sets/DataSet-3--4-procs/f671.txt
Processing file: ./Data/Data-Sets/Data-Sets/Large-Data-Sets/DataSet-3--4-procs/f671.txt for client process 0
Verifying: ./Data/Data-Sets/Data-Sets/Large-Data-Sets/DataSet-3--4-procs/f672.txt
Processing file: ./Data/Data-Sets/Data-Sets/Large-Data-Sets/DataSet-3--4-procs/f672.txt for client process 0
Verifying: ./Data/Data-Sets/Data-Sets/Large-Data-Sets/DataSet-3--4-procs/f673.txt
Processing file: ./Data/Data-Sets/Data-Sets/Large-Data-Sets/DataSet-3--4-procs/f673.txt for client process 1
Verifying: ./Data/Data-Sets/Data-Sets/Large-Data-Sets/DataSet-3--4-procs/f674.txt
Processing file: ./Data/Data-Sets/Data-Sets/Large-Data-Sets/DataSet-3--4-procs/f674.txt for client process 2
Verifying: ./Data/Data-Sets/Data-Sets/Large-Data-Sets/DataSet-3--4-procs/f675.txt
Processing file: ./Data/Data-Sets/Data-Sets/Large-Data-Sets/DataSet-3--4-procs/f675.txt for client process 2
Verifying: ./Data/Data-Sets/Data-Sets/Large-Data-Sets/DataSet-3--4-procs/f676.txt
Processing file: ./Data/Data-Sets/Data-Sets/Large-Data-Sets/DataSet-3--4-procs/f676.txt for client process 1
Verifying: ./Data/Data-Sets/Data-Sets/Large-Data-Sets/DataSet-3--4-procs/f677.txt
Processing file: ./Data/Data-Sets/Data-Sets/Large-Data-Sets/DataSet-3--4-procs/f677.txt for client process 3
Verifying: ./Data/Data-Sets/Data-Sets/Large-Data-Sets/DataSet-3--4-procs/f678.txt
Processing file: ./Data/Data-Sets/Data-Sets/Large-Data-Sets/DataSet-3--4-procs/f678.txt for client process 3
Verifying: ./Data/Data-Sets/Data-Sets/Large-Data-Sets/DataSet-3--4-procs/f679.txt
Processing file: ./Data/Data-Sets/Data-Sets/Large-Data-Sets/DataSet-3--4-procs/f679.txt for client process 3
Verifying: ./Data/Data-Sets/Data-Sets/Large-Data-Sets/DataSet-3--4-procs/f68.txt
Processing file: ./Data/Data-Sets/Data-Sets/Large-Data-Sets/DataSet-3--4-procs/f68.txt for client process 2
Verifying: ./Data/Data-Sets/Data-Sets/Large-Data-Sets/DataSet-3--4-procs/f680.txt
Processing file: ./Data/Data-Sets/Data-Sets/Large-Data-Sets/DataSet-3--4-procs/f680.txt for client process 0
Verifying: ./Data/Data-Sets/Data-Sets/Large-Data-Sets/DataSet-3--4-procs/f681.txt
Processing file: ./Data/Data-Sets/Data-Sets/Large-Data-Sets/DataSet-3--4-procs/f681.txt for client process 3
Verifying: ./Data/Data-Sets/Data-Sets/Large-Data-Sets/DataSet-3--4-procs/f682.txt
Processing file: ./Data/Data-Sets/Data-Sets/Large-Data-Sets/DataSet-3--4-procs/f682.txt for client process 3
Verifying: ./Data/Data-Sets/Data-Sets/Large-Data-Sets/DataSet-3--4-procs/f683.txt
Processing file: ./Data/Data-Sets/Data-Sets/Large-Data-Sets/DataSet-3--4-procs/f683.txt for client process 0
Verifying: ./Data/Data-Sets/Data-Sets/Large-Data-Sets/DataSet-3--4-procs/f684.txt
Processing file: ./Data/Data-Sets/Data-Sets/Large-Data-Sets/DataSet-3--4-procs/f684.txt for client process 1
Verifying: ./Data/Data-Sets/Data-Sets/Large-Data-Sets/DataSet-3--4-procs/f685.txt
Processing file: ./Data/Data-Sets/Data-Sets/Large-Data-Sets/DataSet-3--4-procs/f685.txt for client process 3
Verifying: ./Data/Data-Sets/Data-Sets/Large-Data-Sets/DataSet-3--4-procs/f686.txt
Processing file: ./Data/Data-Sets/Data-Sets/Large-Data-Sets/DataSet-3--4-procs/f686.txt for client process 2
Verifying: ./Data/Data-Sets/Data-Sets/Large-Data-Sets/DataSet-3--4-procs/f687.txt
Processing file: ./Data/Data-Sets/Data-Sets/Large-Data-Sets/DataSet-3--4-procs/f687.txt for client process 1
Verifying: ./Data/Data-Sets/Data-Sets/Large-Data-Sets/DataSet-3--4-procs/f688.txt
Processing file: ./Data/Data-Sets/Data-Sets/Large-Data-Sets/DataSet-3--4-procs/f688.txt for client process 2
Verifying: ./Data/Data-Sets/Data-Sets/Large-Data-Sets/DataSet-3--4-procs/f689.txt
Processing file: ./Data/Data-Sets/Data-Sets/Large-Data-Sets/DataSet-3--4-procs/f689.txt for client process 1
Verifying: ./Data/Data-Sets/Data-Sets/Large-Data-Sets/DataSet-3--4-procs/f69.txt
Processing file: ./Data/Data-Sets/Data-Sets/Large-Data-Sets/DataSet-3--4-procs/f69.txt for client process 0
Verifying: ./Data/Data-Sets/Data-Sets/Large-Data-Sets/DataSet-3--4-procs/f690.txt
Processing file: ./Data/Data-Sets/Data-Sets/Large-Data-Sets/DataSet-3--4-procs/f690.txt for client process 0
Verifying: ./Data/Data-Sets/Data-Sets/Large-Data-Sets/DataSet-3--4-procs/f691.txt
Processing file: ./Data/Data-Sets/Data-Sets/Large-Data-Sets/DataSet-3--4-procs/f691.txt for client process 1
Verifying: ./Data/Data-Sets/Data-Sets/Large-Data-Sets/DataSet-3--4-procs/f692.txt
Processing file: ./Data/Data-Sets/Data-Sets/Large-Data-Sets/DataSet-3--4-procs/f692.txt for client process 0
Verifying: ./Data/Data-Sets/Data-Sets/Large-Data-Sets/DataSet-3--4-procs/f693.txt
Processing file: ./Data/Data-Sets/Data-Sets/Large-Data-Sets/DataSet-3--4-procs/f693.txt for client process 0
Verifying: ./Data/Data-Sets/Data-Sets/Large-Data-Sets/DataSet-3--4-procs/f694.txt
Processing file: ./Data/Data-Sets/Data-Sets/Large-Data-Sets/DataSet-3--4-procs/f694.txt for client process 0
Verifying: ./Data/Data-Sets/Data-Sets/Large-Data-Sets/DataSet-3--4-procs/f695.txt
Processing file: ./Data/Data-Sets/Data-Sets/Large-Data-Sets/DataSet-3--4-procs/f695.txt for client process 2
Verifying: ./Data/Data-Sets/Data-Sets/Large-Data-Sets/DataSet-3--4-procs/f696.txt
Processing file: ./Data/Data-Sets/Data-Sets/Large-Data-Sets/DataSet-3--4-procs/f696.txt for client process 3
Verifying: ./Data/Data-Sets/Data-Sets/Large-Data-Sets/DataSet-3--4-procs/f697.txt
Processing file: ./Data/Data-Sets/Data-Sets/Large-Data-Sets/DataSet-3--4-procs/f697.txt for client process 1
Verifying: ./Data/Data-Sets/Data-Sets/Large-Data-Sets/DataSet-3--4-procs/f698.txt
Processing file: ./Data/Data-Sets/Data-Sets/Large-Data-Sets/DataSet-3--4-procs/f698.txt for client process 2
Verifying: ./Data/Data-Sets/Data-Sets/Large-Data-Sets/DataSet-3--4-procs/f699.txt
Processing file: ./Data/Data-Sets/Data-Sets/Large-Data-Sets/DataSet-3--4-procs/f699.txt for client process 1
Verifying: ./Data/Data-Sets/Data-Sets/Large-Data-Sets/DataSet-3--4-procs/f7.txt
Processing file: ./Data/Data-Sets/Data-Sets/Large-Data-Sets/DataSet-3--4-procs/f7.txt for client process 2
Verifying: ./Data/Data-Sets/Data-Sets/Large-Data-Sets/DataSet-3--4-procs/f70.txt
Processing file: ./Data/Data-Sets/Data-Sets/Large-Data-Sets/DataSet-3--4-procs/f70.txt for client process 3
Verifying: ./Data/Data-Sets/Data-Sets/Large-Data-Sets/DataSet-3--4-procs/f700.txt
Processing file: ./Data/Data-Sets/Data-Sets/Large-Data-Sets/DataSet-3--4-procs/f700.txt for client process 0
Verifying: ./Data/Data-Sets/Data-Sets/Large-Data-Sets/DataSet-3--4-procs/f701.txt
Processing file: ./Data/Data-Sets/Data-Sets/Large-Data-Sets/DataSet-3--4-procs/f701.txt for client process 3
Verifying: ./Data/Data-Sets/Data-Sets/Large-Data-Sets/DataSet-3--4-procs/f702.txt
Processing file: ./Data/Data-Sets/Data-Sets/Large-Data-Sets/DataSet-3--4-procs/f702.txt for client process 0
Verifying: ./Data/Data-Sets/Data-Sets/Large-Data-Sets/DataSet-3--4-procs/f703.txt
Processing file: ./Data/Data-Sets/Data-Sets/Large-Data-Sets/DataSet-3--4-procs/f703.txt for client process 2
Verifying: ./Data/Data-Sets/Data-Sets/Large-Data-Sets/DataSet-3--4-procs/f704.txt
Processing file: ./Data/Data-Sets/Data-Sets/Large-Data-Sets/DataSet-3--4-procs/f704.txt for client process 2
Verifying: ./Data/Data-Sets/Data-Sets/Large-Data-Sets/DataSet-3--4-procs/f705.txt
Processing file: ./Data/Data-Sets/Data-Sets/Large-Data-Sets/DataSet-3--4-procs/f705.txt for client process 0
Verifying: ./Data/Data-Sets/Data-Sets/Large-Data-Sets/DataSet-3--4-procs/f706.txt
Processing file: ./Data/Data-Sets/Data-Sets/Large-Data-Sets/DataSet-3--4-procs/f706.txt for client process 2
Verifying: ./Data/Data-Sets/Data-Sets/Large-Data-Sets/DataSet-3--4-procs/f707.txt
Processing file: ./Data/Data-Sets/Data-Sets/Large-Data-Sets/DataSet-3--4-procs/f707.txt for client process 3
Verifying: ./Data/Data-Sets/Data-Sets/Large-Data-Sets/DataSet-3--4-procs/f708.txt
Processing file: ./Data/Data-Sets/Data-Sets/Large-Data-Sets/DataSet-3--4-procs/f708.txt for client process 0
Verifying: ./Data/Data-Sets/Data-Sets/Large-Data-Sets/DataSet-3--4-procs/f709.txt
Processing file: ./Data/Data-Sets/Data-Sets/Large-Data-Sets/DataSet-3--4-procs/f709.txt for client process 0
Verifying: ./Data/Data-Sets/Data-Sets/Large-Data-Sets/DataSet-3--4-procs/f71.txt
Processing file: ./Data/Data-Sets/Data-Sets/Large-Data-Sets/DataSet-3--4-procs/f71.txt for client process 2
Verifying: ./Data/Data-Sets/Data-Sets/Large-Data-Sets/DataSet-3--4-procs/f710.txt
Processing file: ./Data/Data-Sets/Data-Sets/Large-Data-Sets/DataSet-3--4-procs/f710.txt for client process 3
Verifying: ./Data/Data-Sets/Data-Sets/Large-Data-Sets/DataSet-3--4-procs/f711.txt
Processing file: ./Data/Data-Sets/Data-Sets/Large-Data-Sets/DataSet-3--4-procs/f711.txt for client process 2
Verifying: ./Data/Data-Sets/Data-Sets/Large-Data-Sets/DataSet-3--4-procs/f712.txt
Processing file: ./Data/Data-Sets/Data-Sets/Large-Data-Sets/DataSet-3--4-procs/f712.txt for client process 0
Verifying: ./Data/Data-Sets/Data-Sets/Large-Data-Sets/DataSet-3--4-procs/f713.txt
Processing file: ./Data/Data-Sets/Data-Sets/Large-Data-Sets/DataSet-3--4-procs/f713.txt for client process 1
Verifying: ./Data/Data-Sets/Data-Sets/Large-Data-Sets/DataSet-3--4-procs/f714.txt
Processing file: ./Data/Data-Sets/Data-Sets/Large-Data-Sets/DataSet-3--4-procs/f714.txt for client process 1
Verifying: ./Data/Data-Sets/Data-Sets/Large-Data-Sets/DataSet-3--4-procs/f715.txt
Processing file: ./Data/Data-Sets/Data-Sets/Large-Data-Sets/DataSet-3--4-procs/f715.txt for client process 1
Verifying: ./Data/Data-Sets/Data-Sets/Large-Data-Sets/DataSet-3--4-procs/f716.txt
Processing file: ./Data/Data-Sets/Data-Sets/Large-Data-Sets/DataSet-3--4-procs/f716.txt for client process 1
Verifying: ./Data/Data-Sets/Data-Sets/Large-Data-Sets/DataSet-3--4-procs/f717.txt
Processing file: ./Data/Data-Sets/Data-Sets/Large-Data-Sets/DataSet-3--4-procs/f717.txt for client process 0
Verifying: ./Data/Data-Sets/Data-Sets/Large-Data-Sets/DataSet-3--4-procs/f718.txt
Processing file: ./Data/Data-Sets/Data-Sets/Large-Data-Sets/DataSet-3--4-procs/f718.txt for client process 2
Verifying: ./Data/Data-Sets/Data-Sets/Large-Data-Sets/DataSet-3--4-procs/f719.txt
Processing file: ./Data/Data-Sets/Data-Sets/Large-Data-Sets/DataSet-3--4-procs/f719.txt for client process 1
